2026.02.23 11:33:11 INFO  Started: Metals version 1.6.5 in folders 'C:\Users\Usuario\Documents\GitHub\Proyecto-Lectura2' for client Visual Studio Code 1.109.5.
2026.02.23 11:33:11 INFO  Memory monitor started
2026.02.23 11:33:13 WARN  Using H2 2.4.240 which is newer than the version Flyway has been verified with. The latest verified version of H2 is 2.3.232.
2026.02.23 11:33:13 INFO  no build target found for C:\Users\Usuario\Documents\GitHub\Proyecto-Lectura2\src\main\java\com\example\LecturaSana\LecturaSanaApplication.java. Using fallback presentation compiler.
2026.02.23 11:33:15 INFO  no build target found for C:\Users\Usuario\Documents\GitHub\Proyecto-Lectura2\src\main\java\com\example\LecturaSana\LecturaSanaApplication.java. Using fallback presentation compiler.
2026.02.23 11:33:20 INFO  no build target found for C:\Users\Usuario\Documents\GitHub\Proyecto-Lectura2\src\main\java\com\example\LecturaSana\LecturaSanaApplication.java. Using fallback presentation compiler.
2026.02.23 11:33:20 INFO  no build target found for C:\Users\Usuario\Documents\GitHub\Proyecto-Lectura2\src\main\java\com\example\LecturaSana\validation\MayorDeEdad.java. Using fallback presentation compiler.
2026.02.23 11:33:21 INFO  no build target found for C:\Users\Usuario\Documents\GitHub\Proyecto-Lectura2\src\main\java\com\example\LecturaSana\validation\MayorDeEdad.java. Using fallback presentation compiler.
2026.02.23 11:33:21 INFO  no build target found for C:\Users\Usuario\Documents\GitHub\Proyecto-Lectura2\src\main\java\com\example\LecturaSana\validation\MayorDeEdad.java. Using fallback presentation compiler.
2026.02.23 11:33:21 INFO  no build target found for C:\Users\Usuario\Documents\GitHub\Proyecto-Lectura2\src\main\java\com\example\LecturaSana\validation\MayorDeEdadValidator.java. Using fallback presentation compiler.
2026.02.23 11:33:22 INFO  no build target found for C:\Users\Usuario\Documents\GitHub\Proyecto-Lectura2\src\main\java\com\example\LecturaSana\validation\MayorDeEdadValidator.java. Using fallback presentation compiler.
2026.02.23 11:33:23 INFO  no build target found for C:\Users\Usuario\Documents\GitHub\Proyecto-Lectura2\src\main\java\com\example\LecturaSana\validation\MayorDeEdadValidator.java. Using fallback presentation compiler.
2026.02.23 11:33:23 INFO  no build target found for C:\Users\Usuario\Documents\GitHub\Proyecto-Lectura2\src\main\java\com\example\LecturaSana\LecturaSanaApplication.java. Using fallback presentation compiler.
2026.02.23 11:33:23 INFO  no build target found for C:\Users\Usuario\Documents\GitHub\Proyecto-Lectura2\src\main\java\com\example\LecturaSana\LecturaSanaApplication.java. Using fallback presentation compiler.
2026.02.23 11:33:32 INFO  no build target found for C:\Users\Usuario\Documents\GitHub\Proyecto-Lectura2\src\main\java\com\example\LecturaSana\LecturaSanaApplication.java. Using fallback presentation compiler.
2026.02.23 11:33:32 INFO  no build target found for C:\Users\Usuario\Documents\GitHub\Proyecto-Lectura2\src\main\java\com\example\LecturaSana\validation\MayorDeEdadValidator.java. Using fallback presentation compiler.
2026.02.23 11:33:33 INFO  no build target found for C:\Users\Usuario\Documents\GitHub\Proyecto-Lectura2\src\main\java\com\example\LecturaSana\validation\MayorDeEdadValidator.java. Using fallback presentation compiler.
2026.02.23 11:33:39 INFO  no build target found for C:\Users\Usuario\Documents\GitHub\Proyecto-Lectura2\src\main\java\com\example\LecturaSana\validation\MayorDeEdadValidator.java. Using fallback presentation compiler.
2026.02.23 11:33:39 INFO  no build target found for C:\Users\Usuario\Documents\GitHub\Proyecto-Lectura2\src\main\java\com\example\LecturaSana\validation\MayorDeEdad.java. Using fallback presentation compiler.
2026.02.23 11:33:39 INFO  no build target found for C:\Users\Usuario\Documents\GitHub\Proyecto-Lectura2\src\main\java\com\example\LecturaSana\validation\MayorDeEdad.java. Using fallback presentation compiler.
2026.02.23 11:33:48 INFO  no build target found for C:\Users\Usuario\Documents\GitHub\Proyecto-Lectura2\src\main\java\com\example\LecturaSana\validation\MayorDeEdad.java. Using fallback presentation compiler.
2026.02.23 11:45:23 INFO  Shutting down server
2026.02.23 11:45:23 INFO  Memory monitor stopped
2026.02.23 11:45:23 INFO  shutting down Metals
2026.02.23 11:45:25 INFO  Exiting server
2026.03.01 20:53:46 INFO  tracing is disabled for protocol LSP, to enable tracing of incoming and outgoing JSON messages create an empty file at c:\Users\Usuario\Documents\GitHub\Proyecto-Lectura2\.metals\lsp.trace.json or C:\Users\Usuario\AppData\Local\scalameta\metals\cache\lsp.trace.json
2026.03.01 20:53:54 INFO  logging to files C:\Users\Usuario\Documents\GitHub\Proyecto-Lectura2\.metals\metals.log
2026.03.01 20:53:54 INFO  Started: Metals version 1.6.5 in folders 'C:\Users\Usuario\Documents\GitHub\Proyecto-Lectura2' for client Visual Studio Code 1.109.5.
2026.03.01 20:53:54 INFO  time: initialize in 0.13s
2026.03.01 20:54:16 INFO  Memory monitor started
2026.03.01 20:54:22 WARN  Using H2 2.4.240 which is newer than the version Flyway has been verified with. The latest verified version of H2 is 2.3.232.
2026.03.01 20:54:32 INFO  restarted 0 presentation compilers
2026.03.01 20:55:57 INFO  no build target found for C:\Users\Usuario\Documents\GitHub\Proyecto-Lectura2\src\main\java\com\example\LecturaSana\model\Libro.java. Using fallback presentation compiler.
2026.03.01 20:56:01 INFO  no build target found for C:\Users\Usuario\Documents\GitHub\Proyecto-Lectura2\src\main\java\com\example\LecturaSana\model\CarritoItem.java. Using fallback presentation compiler.
2026.03.01 20:56:03 INFO  no build target found for C:\Users\Usuario\Documents\GitHub\Proyecto-Lectura2\src\main\java\com\example\LecturaSana\model\Usuario.java. Using fallback presentation compiler.
2026.03.01 20:56:03 INFO  no build target found for C:\Users\Usuario\Documents\GitHub\Proyecto-Lectura2\src\main\java\com\example\LecturaSana\model\Pedido.java. Using fallback presentation compiler.
2026.03.01 20:56:04 INFO  no build target found for C:\Users\Usuario\Documents\GitHub\Proyecto-Lectura2\src\main\java\com\example\LecturaSana\model\Rol.java. Using fallback presentation compiler.
2026.03.01 20:56:04 INFO  no build target found for C:\Users\Usuario\Documents\GitHub\Proyecto-Lectura2\src\main\java\com\example\LecturaSana\model\Noticia.java. Using fallback presentation compiler.
2026.03.01 20:56:05 INFO  no build target found for C:\Users\Usuario\Documents\GitHub\Proyecto-Lectura2\src\main\java\com\example\LecturaSana\model\TarjetaNovedad.java. Using fallback presentation compiler.
2026.03.01 20:56:05 INFO  no build target found for C:\Users\Usuario\Documents\GitHub\Proyecto-Lectura2\src\main\java\com\example\LecturaSana\model\IndexLibros.java. Using fallback presentation compiler.
2026.03.01 20:56:05 INFO  no build target found for C:\Users\Usuario\Documents\GitHub\Proyecto-Lectura2\src\main\java\com\example\LecturaSana\config\SecurityConfig.java. Using fallback presentation compiler.
2026.03.01 20:56:20 INFO  no build target found for C:\Users\Usuario\Documents\GitHub\Proyecto-Lectura2\src\main\java\com\example\LecturaSana\controller\CarritoController.java. Using fallback presentation compiler.
2026.03.01 20:56:20 INFO  no build target found for C:\Users\Usuario\Documents\GitHub\Proyecto-Lectura2\src\main\java\com\example\LecturaSana\service\CarritoService.java. Using fallback presentation compiler.
2026.03.01 20:56:20 INFO  no build target found for C:\Users\Usuario\Documents\GitHub\Proyecto-Lectura2\src\main\java\com\example\LecturaSana\service\PedidoService.java. Using fallback presentation compiler.
2026.03.01 20:56:20 INFO  no build target found for C:\Users\Usuario\Documents\GitHub\Proyecto-Lectura2\src\main\java\com\example\LecturaSana\repository\CarritoItemRepository.java. Using fallback presentation compiler.
2026.03.01 20:56:20 INFO  no build target found for C:\Users\Usuario\Documents\GitHub\Proyecto-Lectura2\src\main\java\com\example\LecturaSana\repository\PedidoRepository.java. Using fallback presentation compiler.
2026.03.01 20:56:20 INFO  no build target found for C:\Users\Usuario\Documents\GitHub\Proyecto-Lectura2\src\main\java\com\example\LecturaSana\repository\LibroRepository.java. Using fallback presentation compiler.
2026.03.01 20:56:21 INFO  no build target found for C:\Users\Usuario\Documents\GitHub\Proyecto-Lectura2\src\main\java\com\example\LecturaSana\controller\CatalogoController.java. Using fallback presentation compiler.
2026.03.01 20:56:21 INFO  no build target found for C:\Users\Usuario\Documents\GitHub\Proyecto-Lectura2\src\main\java\com\example\LecturaSana\controller\LibroController.java. Using fallback presentation compiler.
2026.03.01 20:56:21 INFO  no build target found for C:\Users\Usuario\Documents\GitHub\Proyecto-Lectura2\src\main\java\com\example\LecturaSana\service\LibroService.java. Using fallback presentation compiler.
2026.03.01 20:57:18 INFO  no build target found for C:\Users\Usuario\Documents\GitHub\Proyecto-Lectura2\src\main\java\com\example\LecturaSana\service\UsuarioService.java. Using fallback presentation compiler.
2026.03.01 20:57:18 INFO  no build target found for C:\Users\Usuario\Documents\GitHub\Proyecto-Lectura2\src\main\java\com\example\LecturaSana\repository\UsuarioRepository.java. Using fallback presentation compiler.
2026.03.01 20:57:19 INFO  no build target found for C:\Users\Usuario\Documents\GitHub\Proyecto-Lectura2\src\main\java\com\example\LecturaSana\controller\PerfilController.java. Using fallback presentation compiler.
2026.03.01 20:57:19 INFO  no build target found for C:\Users\Usuario\Documents\GitHub\Proyecto-Lectura2\src\main\java\com\example\LecturaSana\controller\RegistroController.java. Using fallback presentation compiler.
2026.03.01 20:57:34 INFO  no build target found for C:\Users\Usuario\Documents\GitHub\Proyecto-Lectura2\src\main\java\com\example\LecturaSana\controller\LoginController.java. Using fallback presentation compiler.
2026.03.01 20:57:34 INFO  no build target found for C:\Users\Usuario\Documents\GitHub\Proyecto-Lectura2\src\main\java\com\example\LecturaSana\controller\IndexLibrosController.java. Using fallback presentation compiler.
2026.03.01 20:57:34 INFO  no build target found for C:\Users\Usuario\Documents\GitHub\Proyecto-Lectura2\src\main\java\com\example\LecturaSana\controller\CustomErrorController.java. Using fallback presentation compiler.
2026.03.01 20:57:34 INFO  no build target found for C:\Users\Usuario\Documents\GitHub\Proyecto-Lectura2\src\main\java\com\example\LecturaSana\controller\NovedadesController.java. Using fallback presentation compiler.
2026.03.01 20:57:34 INFO  no build target found for C:\Users\Usuario\Documents\GitHub\Proyecto-Lectura2\src\main\java\com\example\LecturaSana\controller\NovedadAdminController.java. Using fallback presentation compiler.
2026.03.01 20:57:34 INFO  no build target found for C:\Users\Usuario\Documents\GitHub\Proyecto-Lectura2\src\main\java\com\example\LecturaSana\controller\NoticiaAdminController.java. Using fallback presentation compiler.
2026.03.01 20:57:48 INFO  no build target found for C:\Users\Usuario\Documents\GitHub\Proyecto-Lectura2\src\main\java\com\example\LecturaSana\service\NovedadService.java. Using fallback presentation compiler.
2026.03.01 20:57:48 INFO  no build target found for C:\Users\Usuario\Documents\GitHub\Proyecto-Lectura2\src\main\java\com\example\LecturaSana\service\NoticiaService.java. Using fallback presentation compiler.
2026.03.01 20:57:48 INFO  no build target found for C:\Users\Usuario\Documents\GitHub\Proyecto-Lectura2\src\main\java\com\example\LecturaSana\service\IndexLibrosService.java. Using fallback presentation compiler.
2026.03.01 20:57:48 INFO  no build target found for C:\Users\Usuario\Documents\GitHub\Proyecto-Lectura2\src\main\java\com\example\LecturaSana\service\IndexLibrosServiceImpl.java. Using fallback presentation compiler.
2026.03.01 20:57:48 INFO  no build target found for C:\Users\Usuario\Documents\GitHub\Proyecto-Lectura2\src\main\java\com\example\LecturaSana\repository\IndexLibrosRepository.java. Using fallback presentation compiler.
2026.03.01 20:57:48 INFO  no build target found for C:\Users\Usuario\Documents\GitHub\Proyecto-Lectura2\src\main\java\com\example\LecturaSana\repository\TarjetaNovedadRepository.java. Using fallback presentation compiler.
2026.03.01 20:57:50 INFO  no build target found for C:\Users\Usuario\Documents\GitHub\Proyecto-Lectura2\src\main\java\com\example\LecturaSana\repository\NoticiaRepository.java. Using fallback presentation compiler.
2026.03.01 20:57:50 INFO  no build target found for C:\Users\Usuario\Documents\GitHub\Proyecto-Lectura2\src\main\java\com\example\LecturaSana\repository\RolRepository.java. Using fallback presentation compiler.
2026.03.01 20:57:50 INFO  no build target found for C:\Users\Usuario\Documents\GitHub\Proyecto-Lectura2\src\main\java\com\example\LecturaSana\validation\MayorDeEdad.java. Using fallback presentation compiler.
2026.03.01 20:57:56 INFO  no build target found for C:\Users\Usuario\Documents\GitHub\Proyecto-Lectura2\src\main\java\com\example\LecturaSana\validation\MayorDeEdadValidator.java. Using fallback presentation compiler.
2026.03.01 20:57:56 INFO  no build target found for C:\Users\Usuario\Documents\GitHub\Proyecto-Lectura2\src\main\java\com\example\LecturaSana\LecturaSanaApplication.java. Using fallback presentation compiler.
2026.03.01 20:57:59 INFO  no build target found for C:\Users\Usuario\Documents\GitHub\Proyecto-Lectura2\src\main\java\com\example\LecturaSana\config\PayPalConfig.java. Using fallback presentation compiler.
2026.03.01 20:57:59 WARN  no build target for: C:\Users\Usuario\Documents\GitHub\Proyecto-Lectura2\src\main\java\com\example\LecturaSana\config\PayPalConfig.java
2026.03.01 20:58:30 INFO  no build target found for C:\Users\Usuario\Documents\GitHub\Proyecto-Lectura2\src\main\java\com\example\LecturaSana\service\PayPalService.java. Using fallback presentation compiler.
2026.03.01 20:58:30 WARN  no build target for: C:\Users\Usuario\Documents\GitHub\Proyecto-Lectura2\src\main\java\com\example\LecturaSana\service\PayPalService.java
2026.03.01 20:59:12 INFO  no build target found for C:\Users\Usuario\Documents\GitHub\Proyecto-Lectura2\src\main\java\com\example\LecturaSana\controller\PayPalController.java. Using fallback presentation compiler.
2026.03.01 20:59:12 INFO  no build target found for C:\Users\Usuario\Documents\GitHub\Proyecto-Lectura2\src\main\java\com\example\LecturaSana\controller\PayPalController.java. Using fallback presentation compiler.
2026.03.01 20:59:12 WARN  no build target for: C:\Users\Usuario\Documents\GitHub\Proyecto-Lectura2\src\main\java\com\example\LecturaSana\controller\PayPalController.java
2026.03.01 20:59:21 INFO  no build target found for C:\Users\Usuario\Documents\GitHub\Proyecto-Lectura2\src\main\java\com\example\LecturaSana\controller\PerfilController.java. Using fallback presentation compiler.
2026.03.01 20:59:25 INFO  Created report: Optional[file:///C:/Users/Usuario/Documents/GitHub/Proyecto-Lectura2/src/main/java/com/example/LecturaSana/controller/PerfilController.java]
2026.03.01 20:59:25 INFO  empty definition using pc, found symbol in pc: com/example/LecturaSana/model/Pedido# (full report at: "C:\Users\Usuario\Documents\GitHub\Proyecto-Lectura2\.metals\.reports\metals-full\2026-03-01\r_empty-definition_20-59-25-754.md")
2026.03.01 20:59:28 INFO  no build target found for C:\Users\Usuario\Documents\GitHub\Proyecto-Lectura2\src\main\java\com\example\LecturaSana\controller\PerfilController.java. Using fallback presentation compiler.
2026.03.01 20:59:49 INFO  no build target found for C:\Users\Usuario\Documents\GitHub\Proyecto-Lectura2\src\main\java\com\example\LecturaSana\model\Pedido.java. Using fallback presentation compiler.
2026.03.01 20:59:49 INFO  no build target found for C:\Users\Usuario\Documents\GitHub\Proyecto-Lectura2\src\main\java\com\example\LecturaSana\config\SecurityConfig.java. Using fallback presentation compiler.
2026.03.01 20:59:49 INFO  no build target found for C:\Users\Usuario\Documents\GitHub\Proyecto-Lectura2\src\main\java\com\example\LecturaSana\controller\CarritoController.java. Using fallback presentation compiler.
2026.03.01 20:59:49 WARN  no build target for: C:\Users\Usuario\Documents\GitHub\Proyecto-Lectura2\src\main\java\com\example\LecturaSana\config\SecurityConfig.java
2026.03.01 20:59:49 WARN  no build target for: C:\Users\Usuario\Documents\GitHub\Proyecto-Lectura2\src\main\java\com\example\LecturaSana\controller\CarritoController.java
C:\Users\Usuario\Documents\GitHub\Proyecto-Lectura2\src\main\java\com\example\LecturaSana\config\SecurityConfig.java:35: error: unmappable character (0x8D) for encoding windows-1252
            // --- AQUĂ? QUITAMOS TODO EL BLOQUE ".headers(...)" ---
                       ^
C:\Users\Usuario\Documents\GitHub\Proyecto-Lectura2\src\main\java\com\example\LecturaSana\config\SecurityConfig.java:39: error: unmappable character (0x81) for encoding windows-1252
                // 1. RECURSOS ESTĂ?TICOS (ImĂˇgenes, CSS, JS)
                                   ^
2026.03.01 20:59:50 WARN  no build target for: C:\Users\Usuario\Documents\GitHub\Proyecto-Lectura2\src\main\java\com\example\LecturaSana\model\Pedido.java
2026.03.01 20:59:50 INFO  no build target found for C:\Users\Usuario\Documents\GitHub\Proyecto-Lectura2\src\main\java\com\example\LecturaSana\service\PedidoService.java. Using fallback presentation compiler.
C:\Users\Usuario\Documents\GitHub\Proyecto-Lectura2\src\main\java\com\example\LecturaSana\model\Pedido.java:42: error: unmappable character (0x8D) for encoding windows-1252
    // --- DATOS DE ENVĂ?O ---
                        ^
2026.03.01 21:00:16 INFO  no build target found for C:\Users\Usuario\Documents\GitHub\Proyecto-Lectura2\src\main\java\com\example\LecturaSana\controller\CarritoController.java. Using fallback presentation compiler.
2026.03.01 21:00:17 INFO  no build target found for C:\Users\Usuario\Documents\GitHub\Proyecto-Lectura2\src\main\java\com\example\LecturaSana\controller\CarritoController.java. Using fallback presentation compiler.
2026.03.01 21:00:33 INFO  no build target found for C:\Users\Usuario\Documents\GitHub\Proyecto-Lectura2\src\main\java\com\example\LecturaSana\controller\CarritoController.java. Using fallback presentation compiler.
2026.03.01 21:00:33 WARN  no build target for: C:\Users\Usuario\Documents\GitHub\Proyecto-Lectura2\src\main\java\com\example\LecturaSana\controller\CarritoController.java
2026.03.01 21:00:45 INFO  no build target found for C:\Users\Usuario\Documents\GitHub\Proyecto-Lectura2\src\main\java\com\example\LecturaSana\controller\CarritoController.java. Using fallback presentation compiler.
2026.03.01 21:00:45 WARN  no build target for: C:\Users\Usuario\Documents\GitHub\Proyecto-Lectura2\src\main\java\com\example\LecturaSana\controller\CarritoController.java
2026.03.01 21:19:38 WARN  no build target for: C:\Users\Usuario\Documents\GitHub\Proyecto-Lectura2\src\main\java\com\example\LecturaSana\controller\CarritoController.java
2026.03.01 21:19:38 INFO  no build target found for C:\Users\Usuario\Documents\GitHub\Proyecto-Lectura2\src\main\java\com\example\LecturaSana\controller\CarritoController.java. Using fallback presentation compiler.
mar. 01, 2026 9:19:39 P. M. org.eclipse.lsp4j.jsonrpc.RemoteEndpoint handleCancellation
ADVERTENCIA: Unmatched cancel notification for request id 5
2026.03.01 21:19:39 INFO  no build target found for C:\Users\Usuario\Documents\GitHub\Proyecto-Lectura2\src\main\java\com\example\LecturaSana\controller\CarritoController.java. Using fallback presentation compiler.
2026.03.01 21:19:39 INFO  no build target found for C:\Users\Usuario\Documents\GitHub\Proyecto-Lectura2\src\main\java\com\example\LecturaSana\controller\CarritoController.java. Using fallback presentation compiler.
2026.03.01 21:19:41 INFO  no build target found for C:\Users\Usuario\Documents\GitHub\Proyecto-Lectura2\src\main\java\com\example\LecturaSana\controller\CarritoController.java. Using fallback presentation compiler.
2026.03.01 21:19:41 INFO  no build target found for C:\Users\Usuario\Documents\GitHub\Proyecto-Lectura2\src\main\java\com\example\LecturaSana\controller\CarritoController.java. Using fallback presentation compiler.
2026.03.01 21:19:41 INFO  no build target found for C:\Users\Usuario\Documents\GitHub\Proyecto-Lectura2\src\main\java\com\example\LecturaSana\controller\CarritoController.java. Using fallback presentation compiler.
2026.03.01 21:19:48 INFO  no build target found for C:\Users\Usuario\Documents\GitHub\Proyecto-Lectura2\src\main\java\com\example\LecturaSana\controller\CarritoController.java. Using fallback presentation compiler.
2026.03.01 21:20:11 INFO  no build target found for C:\Users\Usuario\Documents\GitHub\Proyecto-Lectura2\src\main\java\com\example\LecturaSana\controller\CarritoController.java. Using fallback presentation compiler.
2026.03.01 21:20:18 INFO  no build target found for C:\Users\Usuario\Documents\GitHub\Proyecto-Lectura2\src\main\java\com\example\LecturaSana\controller\CarritoController.java. Using fallback presentation compiler.
2026.03.01 21:20:59 INFO  no build target found for C:\Users\Usuario\Documents\GitHub\Proyecto-Lectura2\src\main\java\com\example\LecturaSana\controller\CarritoController.java. Using fallback presentation compiler.
2026.03.01 23:30:14 INFO  no build target found for C:\Users\Usuario\Documents\GitHub\Proyecto-Lectura2\src\main\java\com\example\LecturaSana\controller\CarritoController.java. Using fallback presentation compiler.
2026.03.01 23:30:24 INFO  no build target found for C:\Users\Usuario\Documents\GitHub\Proyecto-Lectura2\src\main\java\com\example\LecturaSana\controller\CarritoController.java. Using fallback presentation compiler.
2026.03.01 23:30:25 INFO  no build target found for C:\Users\Usuario\Documents\GitHub\Proyecto-Lectura2\src\main\java\com\example\LecturaSana\controller\CarritoController.java. Using fallback presentation compiler.
2026.03.01 23:30:28 INFO  no build target found for C:\Users\Usuario\Documents\GitHub\Proyecto-Lectura2\src\main\java\com\example\LecturaSana\controller\CarritoController.java. Using fallback presentation compiler.
2026.03.01 23:30:28 INFO  no build target found for C:\Users\Usuario\Documents\GitHub\Proyecto-Lectura2\src\main\java\com\example\LecturaSana\controller\CarritoController.java. Using fallback presentation compiler.
mar. 01, 2026 11:30:28 P. M. org.eclipse.lsp4j.jsonrpc.RemoteEndpoint handleCancellation
ADVERTENCIA: Unmatched cancel notification for request id 24
2026.03.01 23:30:29 INFO  no build target found for C:\Users\Usuario\Documents\GitHub\Proyecto-Lectura2\src\main\java\com\example\LecturaSana\controller\CarritoController.java. Using fallback presentation compiler.
2026.03.01 23:30:33 INFO  no build target found for C:\Users\Usuario\Documents\GitHub\Proyecto-Lectura2\src\main\java\com\example\LecturaSana\controller\CarritoController.java. Using fallback presentation compiler.
2026.03.01 23:30:40 INFO  no build target found for C:\Users\Usuario\Documents\GitHub\Proyecto-Lectura2\src\main\java\com\example\LecturaSana\model\Pedido.java. Using fallback presentation compiler.
2026.03.01 23:30:40 INFO  no build target found for C:\Users\Usuario\Documents\GitHub\Proyecto-Lectura2\src\main\java\com\example\LecturaSana\config\SecurityConfig.java. Using fallback presentation compiler.
2026.03.01 23:30:40 INFO  no build target found for C:\Users\Usuario\Documents\GitHub\Proyecto-Lectura2\src\main\java\com\example\LecturaSana\controller\CarritoController.java. Using fallback presentation compiler.
2026.03.01 23:30:40 INFO  no build target found for c:\Users\Usuario\Documents\GitHub\Proyecto-Lectura2\src\main\java\com\example\LecturaSana\config\PayPalConfig.java. Using fallback presentation compiler.
2026.03.01 23:30:40 INFO  no build target found for c:\Users\Usuario\Documents\GitHub\Proyecto-Lectura2\src\main\java\com\example\LecturaSana\service\PayPalService.java. Using fallback presentation compiler.
2026.03.01 23:30:40 INFO  no build target found for c:\Users\Usuario\Documents\GitHub\Proyecto-Lectura2\src\main\java\com\example\LecturaSana\controller\PayPalController.java. Using fallback presentation compiler.
2026.03.01 23:30:41 WARN  no build target for: C:\Users\Usuario\Documents\GitHub\Proyecto-Lectura2\src\main\java\com\example\LecturaSana\model\Pedido.java
2026.03.01 23:30:41 WARN  no build target for: C:\Users\Usuario\Documents\GitHub\Proyecto-Lectura2\src\main\java\com\example\LecturaSana\config\SecurityConfig.java
2026.03.01 23:30:41 WARN  no build target for: C:\Users\Usuario\Documents\GitHub\Proyecto-Lectura2\src\main\java\com\example\LecturaSana\controller\CarritoController.java
C:\Users\Usuario\Documents\GitHub\Proyecto-Lectura2\src\main\java\com\example\LecturaSana\model\Pedido.java:42: error: unmappable character (0x8D) for encoding windows-1252
    // --- DATOS DE ENVĂ?O ---
                        ^
mar. 01, 2026 11:30:41 P. M. org.eclipse.lsp4j.jsonrpc.RemoteEndpoint handleCancellation
ADVERTENCIA: Unmatched cancel notification for request id 31
2026.03.01 23:30:41 INFO  no build target found for C:\Users\Usuario\Documents\GitHub\Proyecto-Lectura2\src\main\java\com\example\LecturaSana\controller\CarritoController.java. Using fallback presentation compiler.
2026.03.01 23:30:42 INFO  no build target found for C:\Users\Usuario\Documents\GitHub\Proyecto-Lectura2\src\main\java\com\example\LecturaSana\controller\PerfilController.java. Using fallback presentation compiler.
2026.03.01 23:30:43 INFO  no build target found for C:\Users\Usuario\Documents\GitHub\Proyecto-Lectura2\src\main\java\com\example\LecturaSana\controller\PerfilController.java. Using fallback presentation compiler.
2026.03.01 23:30:42 INFO  no build target found for C:\Users\Usuario\Documents\GitHub\Proyecto-Lectura2\src\main\java\com\example\LecturaSana\controller\PerfilController.java. Using fallback presentation compiler.
C:\Users\Usuario\Documents\GitHub\Proyecto-Lectura2\src\main\java\com\example\LecturaSana\config\SecurityConfig.java:35: error: unmappable character (0x8D) for encoding windows-1252
            // --- AQUĂ? QUITAMOS TODO EL BLOQUE ".headers(...)" ---
                       ^
C:\Users\Usuario\Documents\GitHub\Proyecto-Lectura2\src\main\java\com\example\LecturaSana\config\SecurityConfig.java:39: error: unmappable character (0x81) for encoding windows-1252
                // 1. RECURSOS ESTĂ?TICOS (ImĂˇgenes, CSS, JS)
                                   ^
2026.03.01 23:30:45 INFO  no build target found for C:\Users\Usuario\Documents\GitHub\Proyecto-Lectura2\src\main\java\com\example\LecturaSana\controller\PerfilController.java. Using fallback presentation compiler.
2026.03.01 23:30:45 INFO  no build target found for C:\Users\Usuario\Documents\GitHub\Proyecto-Lectura2\src\main\java\com\example\LecturaSana\controller\PerfilController.java. Using fallback presentation compiler.
2026.03.01 23:30:46 INFO  no build target found for C:\Users\Usuario\Documents\GitHub\Proyecto-Lectura2\src\main\java\com\example\LecturaSana\controller\PerfilController.java. Using fallback presentation compiler.
2026.03.01 23:30:48 INFO  no build target found for C:\Users\Usuario\Documents\GitHub\Proyecto-Lectura2\src\main\java\com\example\LecturaSana\controller\PerfilController.java. Using fallback presentation compiler.
2026.03.01 23:30:48 INFO  no build target found for C:\Users\Usuario\Documents\GitHub\Proyecto-Lectura2\src\main\java\com\example\LecturaSana\controller\PerfilController.java. Using fallback presentation compiler.
2026.03.01 23:30:51 INFO  no build target found for C:\Users\Usuario\Documents\GitHub\Proyecto-Lectura2\src\main\java\com\example\LecturaSana\controller\PerfilController.java. Using fallback presentation compiler.
2026.03.01 23:30:52 INFO  no build target found for C:\Users\Usuario\Documents\GitHub\Proyecto-Lectura2\src\main\java\com\example\LecturaSana\controller\PerfilController.java. Using fallback presentation compiler.
mar. 01, 2026 11:31:05 P. M. org.eclipse.lsp4j.jsonrpc.services.GenericEndpoint notify
INFORMACIÓN: Unsupported notification method: $/setTrace
2026.03.01 23:46:32 INFO  no build target found for C:\Users\Usuario\Documents\GitHub\Proyecto-Lectura2\src\main\java\com\example\LecturaSana\controller\PerfilController.java. Using fallback presentation compiler.
mar. 01, 2026 11:46:33 P. M. org.eclipse.lsp4j.jsonrpc.RemoteEndpoint handleCancellation
ADVERTENCIA: Unmatched cancel notification for request id 53
2026.03.01 23:46:33 INFO  no build target found for C:\Users\Usuario\Documents\GitHub\Proyecto-Lectura2\src\main\java\com\example\LecturaSana\controller\PerfilController.java. Using fallback presentation compiler.
2026.03.01 23:46:33 INFO  no build target found for C:\Users\Usuario\Documents\GitHub\Proyecto-Lectura2\src\main\java\com\example\LecturaSana\controller\PerfilController.java. Using fallback presentation compiler.
mar. 01, 2026 11:46:35 P. M. org.eclipse.lsp4j.jsonrpc.RemoteEndpoint handleCancellation
ADVERTENCIA: Unmatched cancel notification for request id 55
mar. 01, 2026 11:46:36 P. M. org.eclipse.lsp4j.jsonrpc.RemoteEndpoint handleCancellation
ADVERTENCIA: Unmatched cancel notification for request id 56
2026.03.01 23:46:36 INFO  no build target found for C:\Users\Usuario\Documents\GitHub\Proyecto-Lectura2\src\main\java\com\example\LecturaSana\controller\PerfilController.java. Using fallback presentation compiler.
mar. 01, 2026 11:46:36 P. M. org.eclipse.lsp4j.jsonrpc.RemoteEndpoint handleCancellation
ADVERTENCIA: Unmatched cancel notification for request id 58
2026.03.01 23:46:36 INFO  no build target found for C:\Users\Usuario\Documents\GitHub\Proyecto-Lectura2\src\main\java\com\example\LecturaSana\controller\PerfilController.java. Using fallback presentation compiler.
2026.03.01 23:46:38 INFO  no build target found for C:\Users\Usuario\Documents\GitHub\Proyecto-Lectura2\src\main\java\com\example\LecturaSana\controller\PerfilController.java. Using fallback presentation compiler.
mar. 01, 2026 11:46:38 P. M. org.eclipse.lsp4j.jsonrpc.RemoteEndpoint handleCancellation
ADVERTENCIA: Unmatched cancel notification for request id 62
2026.03.01 23:46:38 WARN  no build target for: C:\Users\Usuario\Documents\GitHub\Proyecto-Lectura2\src\main\java\com\example\LecturaSana\controller\PerfilController.java
mar. 01, 2026 11:46:38 P. M. org.eclipse.lsp4j.jsonrpc.RemoteEndpoint handleCancellation
ADVERTENCIA: Unmatched cancel notification for request id 59
2026.03.01 23:46:38 INFO  no build target found for C:\Users\Usuario\Documents\GitHub\Proyecto-Lectura2\src\main\java\com\example\LecturaSana\controller\PerfilController.java. Using fallback presentation compiler.
2026.03.01 23:46:38 INFO  no build target found for C:\Users\Usuario\Documents\GitHub\Proyecto-Lectura2\src\main\java\com\example\LecturaSana\controller\PerfilController.java. Using fallback presentation compiler.
mar. 01, 2026 11:46:38 P. M. org.eclipse.lsp4j.jsonrpc.RemoteEndpoint handleCancellation
ADVERTENCIA: Unmatched cancel notification for request id 65
2026.03.01 23:46:41 INFO  no build target found for C:\Users\Usuario\Documents\GitHub\Proyecto-Lectura2\src\main\java\com\example\LecturaSana\controller\PerfilController.java. Using fallback presentation compiler.
2026.03.01 23:46:42 INFO  no build target found for C:\Users\Usuario\Documents\GitHub\Proyecto-Lectura2\src\main\java\com\example\LecturaSana\controller\PerfilController.java. Using fallback presentation compiler.
2026.03.01 23:46:44 INFO  no build target found for C:\Users\Usuario\Documents\GitHub\Proyecto-Lectura2\src\main\java\com\example\LecturaSana\controller\PerfilController.java. Using fallback presentation compiler.
2026.03.01 23:46:45 INFO  no build target found for C:\Users\Usuario\Documents\GitHub\Proyecto-Lectura2\src\main\java\com\example\LecturaSana\controller\PerfilController.java. Using fallback presentation compiler.
2026.03.01 23:46:45 INFO  no build target found for C:\Users\Usuario\Documents\GitHub\Proyecto-Lectura2\src\main\java\com\example\LecturaSana\controller\PerfilController.java. Using fallback presentation compiler.
2026.03.01 23:46:45 INFO  no build target found for C:\Users\Usuario\Documents\GitHub\Proyecto-Lectura2\src\main\java\com\example\LecturaSana\controller\PerfilController.java. Using fallback presentation compiler.
2026.03.01 23:46:45 INFO  no build target found for C:\Users\Usuario\Documents\GitHub\Proyecto-Lectura2\src\main\java\com\example\LecturaSana\controller\PerfilController.java. Using fallback presentation compiler.
2026.03.01 23:46:50 WARN  no build target for: C:\Users\Usuario\Documents\GitHub\Proyecto-Lectura2\src\main\java\com\example\LecturaSana\controller\CarritoController.java
2026.03.01 23:46:51 INFO  no build target found for C:\Users\Usuario\Documents\GitHub\Proyecto-Lectura2\src\main\java\com\example\LecturaSana\controller\CarritoController.java. Using fallback presentation compiler.
mar. 01, 2026 11:46:51 P. M. org.eclipse.lsp4j.jsonrpc.RemoteEndpoint handleCancellation
ADVERTENCIA: Unmatched cancel notification for request id 77
2026.03.01 23:46:51 INFO  no build target found for C:\Users\Usuario\Documents\GitHub\Proyecto-Lectura2\src\main\java\com\example\LecturaSana\controller\CarritoController.java. Using fallback presentation compiler.
2026.03.01 23:46:51 INFO  no build target found for C:\Users\Usuario\Documents\GitHub\Proyecto-Lectura2\src\main\java\com\example\LecturaSana\controller\CarritoController.java. Using fallback presentation compiler.
2026.03.01 23:46:53 INFO  no build target found for C:\Users\Usuario\Documents\GitHub\Proyecto-Lectura2\src\main\java\com\example\LecturaSana\controller\PerfilController.java. Using fallback presentation compiler.
2026.03.01 23:46:53 WARN  no build target for: C:\Users\Usuario\Documents\GitHub\Proyecto-Lectura2\src\main\java\com\example\LecturaSana\controller\PerfilController.java
2026.03.01 23:46:54 INFO  no build target found for C:\Users\Usuario\Documents\GitHub\Proyecto-Lectura2\src\main\java\com\example\LecturaSana\controller\PerfilController.java. Using fallback presentation compiler.
2026.03.01 23:46:54 INFO  no build target found for C:\Users\Usuario\Documents\GitHub\Proyecto-Lectura2\src\main\java\com\example\LecturaSana\controller\PerfilController.java. Using fallback presentation compiler.
2026.03.01 23:46:55 INFO  no build target found for C:\Users\Usuario\Documents\GitHub\Proyecto-Lectura2\src\main\java\com\example\LecturaSana\controller\PerfilController.java. Using fallback presentation compiler.
2026.03.01 23:46:57 INFO  no build target found for C:\Users\Usuario\Documents\GitHub\Proyecto-Lectura2\src\main\java\com\example\LecturaSana\controller\PerfilController.java. Using fallback presentation compiler.
2026.03.01 23:46:57 INFO  no build target found for C:\Users\Usuario\Documents\GitHub\Proyecto-Lectura2\src\main\java\com\example\LecturaSana\controller\PerfilController.java. Using fallback presentation compiler.
2026.03.01 23:46:58 INFO  no build target found for C:\Users\Usuario\Documents\GitHub\Proyecto-Lectura2\src\main\java\com\example\LecturaSana\controller\PerfilController.java. Using fallback presentation compiler.
2026.03.01 23:47:00 INFO  no build target found for C:\Users\Usuario\Documents\GitHub\Proyecto-Lectura2\src\main\java\com\example\LecturaSana\controller\PerfilController.java. Using fallback presentation compiler.
2026.03.01 23:47:00 WARN  no build target for: C:\Users\Usuario\Documents\GitHub\Proyecto-Lectura2\src\main\java\com\example\LecturaSana\controller\CarritoController.java
2026.03.01 23:47:00 INFO  no build target found for C:\Users\Usuario\Documents\GitHub\Proyecto-Lectura2\src\main\java\com\example\LecturaSana\controller\CarritoController.java. Using fallback presentation compiler.
mar. 01, 2026 11:47:00 P. M. org.eclipse.lsp4j.jsonrpc.RemoteEndpoint handleCancellation
ADVERTENCIA: Unmatched cancel notification for request id 95
2026.03.01 23:47:00 INFO  no build target found for C:\Users\Usuario\Documents\GitHub\Proyecto-Lectura2\src\main\java\com\example\LecturaSana\controller\CarritoController.java. Using fallback presentation compiler.
2026.03.01 23:47:01 INFO  no build target found for C:\Users\Usuario\Documents\GitHub\Proyecto-Lectura2\src\main\java\com\example\LecturaSana\controller\CarritoController.java. Using fallback presentation compiler.
mar. 01, 2026 11:47:01 P. M. org.eclipse.lsp4j.jsonrpc.RemoteEndpoint handleCancellation
ADVERTENCIA: Unmatched cancel notification for request id 98
mar. 01, 2026 11:47:02 P. M. org.eclipse.lsp4j.jsonrpc.RemoteEndpoint handleCancellation
ADVERTENCIA: Unmatched cancel notification for request id 99
mar. 01, 2026 11:47:02 P. M. org.eclipse.lsp4j.jsonrpc.RemoteEndpoint handleCancellation
ADVERTENCIA: Unmatched cancel notification for request id 97
2026.03.01 23:47:02 INFO  no build target found for C:\Users\Usuario\Documents\GitHub\Proyecto-Lectura2\src\main\java\com\example\LecturaSana\controller\PerfilController.java. Using fallback presentation compiler.
mar. 01, 2026 11:47:03 P. M. org.eclipse.lsp4j.jsonrpc.RemoteEndpoint handleCancellation
ADVERTENCIA: Unmatched cancel notification for request id 101
2026.03.01 23:47:03 INFO  no build target found for C:\Users\Usuario\Documents\GitHub\Proyecto-Lectura2\src\main\java\com\example\LecturaSana\controller\PerfilController.java. Using fallback presentation compiler.
2026.03.01 23:47:02 INFO  no build target found for C:\Users\Usuario\Documents\GitHub\Proyecto-Lectura2\src\main\java\com\example\LecturaSana\controller\PerfilController.java. Using fallback presentation compiler.
mar. 01, 2026 11:47:03 P. M. org.eclipse.lsp4j.jsonrpc.RemoteEndpoint handleCancellation
ADVERTENCIA: Unmatched cancel notification for request id 104
mar. 01, 2026 11:47:03 P. M. org.eclipse.lsp4j.jsonrpc.RemoteEndpoint handleCancellation
ADVERTENCIA: Unmatched cancel notification for request id 105
2026.03.01 23:47:02 INFO  no build target found for C:\Users\Usuario\Documents\GitHub\Proyecto-Lectura2\src\main\java\com\example\LecturaSana\controller\PerfilController.java. Using fallback presentation compiler.
2026.03.01 23:47:04 INFO  no build target found for C:\Users\Usuario\Documents\GitHub\Proyecto-Lectura2\src\main\java\com\example\LecturaSana\controller\PerfilController.java. Using fallback presentation compiler.
mar. 01, 2026 11:47:04 P. M. org.eclipse.lsp4j.jsonrpc.RemoteEndpoint handleCancellation
ADVERTENCIA: Unmatched cancel notification for request id 109
2026.03.01 23:47:05 WARN  no build target for: C:\Users\Usuario\Documents\GitHub\Proyecto-Lectura2\src\main\java\com\example\LecturaSana\controller\CarritoController.java
2026.03.01 23:47:04 INFO  no build target found for C:\Users\Usuario\Documents\GitHub\Proyecto-Lectura2\src\main\java\com\example\LecturaSana\controller\CarritoController.java. Using fallback presentation compiler.
2026.03.01 23:47:04 INFO  no build target found for C:\Users\Usuario\Documents\GitHub\Proyecto-Lectura2\src\main\java\com\example\LecturaSana\controller\CarritoController.java. Using fallback presentation compiler.
2026.03.01 23:47:06 INFO  no build target found for C:\Users\Usuario\Documents\GitHub\Proyecto-Lectura2\src\main\java\com\example\LecturaSana\controller\CarritoController.java. Using fallback presentation compiler.
2026.03.01 23:47:06 INFO  no build target found for C:\Users\Usuario\Documents\GitHub\Proyecto-Lectura2\src\main\java\com\example\LecturaSana\controller\CarritoController.java. Using fallback presentation compiler.
2026.03.01 23:47:06 INFO  no build target found for C:\Users\Usuario\Documents\GitHub\Proyecto-Lectura2\src\main\java\com\example\LecturaSana\controller\CarritoController.java. Using fallback presentation compiler.
mar. 01, 2026 11:47:06 P. M. org.eclipse.lsp4j.jsonrpc.RemoteEndpoint handleCancellation
ADVERTENCIA: Unmatched cancel notification for request id 115
2026.03.01 23:47:06 INFO  no build target found for C:\Users\Usuario\Documents\GitHub\Proyecto-Lectura2\src\main\java\com\example\LecturaSana\controller\CarritoController.java. Using fallback presentation compiler.
2026.03.01 23:47:06 INFO  no build target found for C:\Users\Usuario\Documents\GitHub\Proyecto-Lectura2\src\main\java\com\example\LecturaSana\controller\CarritoController.java. Using fallback presentation compiler.
2026.03.01 23:47:09 WARN  no build target for: C:\Users\Usuario\Documents\GitHub\Proyecto-Lectura2\src\main\java\com\example\LecturaSana\controller\CarritoController.java
2026.03.01 23:47:10 INFO  no build target found for C:\Users\Usuario\Documents\GitHub\Proyecto-Lectura2\src\main\java\com\example\LecturaSana\controller\CarritoController.java. Using fallback presentation compiler.
mar. 01, 2026 11:47:11 P. M. org.eclipse.lsp4j.jsonrpc.RemoteEndpoint handleCancellation
ADVERTENCIA: Unmatched cancel notification for request id 121
2026.03.01 23:47:20 WARN  no build target for: C:\Users\Usuario\Documents\GitHub\Proyecto-Lectura2\src\main\java\com\example\LecturaSana\controller\PerfilController.java
2026.03.01 23:47:20 INFO  no build target found for C:\Users\Usuario\Documents\GitHub\Proyecto-Lectura2\src\main\java\com\example\LecturaSana\controller\PerfilController.java. Using fallback presentation compiler.
2026.03.01 23:47:20 INFO  no build target found for C:\Users\Usuario\Documents\GitHub\Proyecto-Lectura2\src\main\java\com\example\LecturaSana\controller\PerfilController.java. Using fallback presentation compiler.
mar. 01, 2026 11:47:20 P. M. org.eclipse.lsp4j.jsonrpc.RemoteEndpoint handleCancellation
ADVERTENCIA: Unmatched cancel notification for request id 122
mar. 01, 2026 11:47:20 P. M. org.eclipse.lsp4j.jsonrpc.RemoteEndpoint handleCancellation
ADVERTENCIA: Unmatched cancel notification for request id 126
mar. 01, 2026 11:47:20 P. M. org.eclipse.lsp4j.jsonrpc.RemoteEndpoint handleCancellation
ADVERTENCIA: Unmatched cancel notification for request id 124
mar. 01, 2026 11:47:20 P. M. org.eclipse.lsp4j.jsonrpc.RemoteEndpoint handleCancellation
ADVERTENCIA: Unmatched cancel notification for request id 125
mar. 01, 2026 11:47:20 P. M. org.eclipse.lsp4j.jsonrpc.RemoteEndpoint handleCancellation
ADVERTENCIA: Unmatched cancel notification for request id 123
2026.03.01 23:47:20 INFO  no build target found for C:\Users\Usuario\Documents\GitHub\Proyecto-Lectura2\src\main\java\com\example\LecturaSana\controller\PerfilController.java. Using fallback presentation compiler.
2026.03.01 23:47:20 INFO  no build target found for C:\Users\Usuario\Documents\GitHub\Proyecto-Lectura2\src\main\java\com\example\LecturaSana\controller\PerfilController.java. Using fallback presentation compiler.
mar. 01, 2026 11:47:20 P. M. org.eclipse.lsp4j.jsonrpc.RemoteEndpoint handleCancellation
ADVERTENCIA: Unmatched cancel notification for request id 127
mar. 01, 2026 11:47:20 P. M. org.eclipse.lsp4j.jsonrpc.RemoteEndpoint handleCancellation
ADVERTENCIA: Unmatched cancel notification for request id 130
2026.03.01 23:47:20 INFO  no build target found for C:\Users\Usuario\Documents\GitHub\Proyecto-Lectura2\src\main\java\com\example\LecturaSana\controller\PerfilController.java. Using fallback presentation compiler.
2026.03.01 23:47:20 INFO  no build target found for C:\Users\Usuario\Documents\GitHub\Proyecto-Lectura2\src\main\java\com\example\LecturaSana\controller\PerfilController.java. Using fallback presentation compiler.
2026.03.01 23:47:21 INFO  no build target found for C:\Users\Usuario\Documents\GitHub\Proyecto-Lectura2\src\main\java\com\example\LecturaSana\controller\PerfilController.java. Using fallback presentation compiler.
2026.03.01 23:47:21 INFO  no build target found for C:\Users\Usuario\Documents\GitHub\Proyecto-Lectura2\src\main\java\com\example\LecturaSana\controller\PerfilController.java. Using fallback presentation compiler.
2026.03.01 23:47:23 INFO  no build target found for C:\Users\Usuario\Documents\GitHub\Proyecto-Lectura2\src\main\java\com\example\LecturaSana\controller\PerfilController.java. Using fallback presentation compiler.
2026.03.01 23:47:25 INFO  no build target found for C:\Users\Usuario\Documents\GitHub\Proyecto-Lectura2\src\main\java\com\example\LecturaSana\controller\PerfilController.java. Using fallback presentation compiler.
2026.03.01 23:48:05 INFO  no build target found for C:\Users\Usuario\Documents\GitHub\Proyecto-Lectura2\src\main\java\com\example\LecturaSana\controller\PerfilController.java. Using fallback presentation compiler.
2026.03.01 23:48:05 INFO  no build target found for C:\Users\Usuario\Documents\GitHub\Proyecto-Lectura2\src\main\java\com\example\LecturaSana\controller\PerfilController.java. Using fallback presentation compiler.
2026.03.01 23:48:17 INFO  no build target found for C:\Users\Usuario\Documents\GitHub\Proyecto-Lectura2\src\main\java\com\example\LecturaSana\controller\CarritoController.java. Using fallback presentation compiler.
2026.03.01 23:48:18 INFO  no build target found for C:\Users\Usuario\Documents\GitHub\Proyecto-Lectura2\src\main\java\com\example\LecturaSana\controller\CarritoController.java. Using fallback presentation compiler.
2026.03.01 23:48:18 INFO  no build target found for C:\Users\Usuario\Documents\GitHub\Proyecto-Lectura2\src\main\java\com\example\LecturaSana\controller\CarritoController.java. Using fallback presentation compiler.
2026.03.01 23:48:19 INFO  no build target found for C:\Users\Usuario\Documents\GitHub\Proyecto-Lectura2\src\main\java\com\example\LecturaSana\controller\PerfilController.java. Using fallback presentation compiler.
2026.03.01 23:48:19 INFO  no build target found for C:\Users\Usuario\Documents\GitHub\Proyecto-Lectura2\src\main\java\com\example\LecturaSana\controller\PerfilController.java. Using fallback presentation compiler.
2026.03.01 23:48:19 INFO  no build target found for C:\Users\Usuario\Documents\GitHub\Proyecto-Lectura2\src\main\java\com\example\LecturaSana\controller\PerfilController.java. Using fallback presentation compiler.
2026.03.01 23:48:21 INFO  no build target found for C:\Users\Usuario\Documents\GitHub\Proyecto-Lectura2\src\main\java\com\example\LecturaSana\controller\CatalogoController.java. Using fallback presentation compiler.
2026.03.01 23:48:21 INFO  no build target found for C:\Users\Usuario\Documents\GitHub\Proyecto-Lectura2\src\main\java\com\example\LecturaSana\controller\CatalogoController.java. Using fallback presentation compiler.
2026.03.01 23:48:21 INFO  no build target found for C:\Users\Usuario\Documents\GitHub\Proyecto-Lectura2\src\main\java\com\example\LecturaSana\controller\CatalogoController.java. Using fallback presentation compiler.
2026.03.01 23:48:21 INFO  no build target found for C:\Users\Usuario\Documents\GitHub\Proyecto-Lectura2\src\main\java\com\example\LecturaSana\controller\CatalogoController.java. Using fallback presentation compiler.
2026.03.01 23:48:21 INFO  no build target found for C:\Users\Usuario\Documents\GitHub\Proyecto-Lectura2\src\main\java\com\example\LecturaSana\controller\NovedadesController.java. Using fallback presentation compiler.
2026.03.01 23:48:21 INFO  no build target found for C:\Users\Usuario\Documents\GitHub\Proyecto-Lectura2\src\main\java\com\example\LecturaSana\controller\NovedadesController.java. Using fallback presentation compiler.
2026.03.01 23:48:21 INFO  no build target found for C:\Users\Usuario\Documents\GitHub\Proyecto-Lectura2\src\main\java\com\example\LecturaSana\controller\NovedadesController.java. Using fallback presentation compiler.
2026.03.01 23:48:22 INFO  no build target found for C:\Users\Usuario\Documents\GitHub\Proyecto-Lectura2\src\main\java\com\example\LecturaSana\controller\NovedadesController.java. Using fallback presentation compiler.
2026.03.01 23:48:21 INFO  no build target found for C:\Users\Usuario\Documents\GitHub\Proyecto-Lectura2\src\main\java\com\example\LecturaSana\model\Pedido.java. Using fallback presentation compiler.
2026.03.01 23:48:23 INFO  no build target found for C:\Users\Usuario\Documents\GitHub\Proyecto-Lectura2\src\main\java\com\example\LecturaSana\model\Pedido.java. Using fallback presentation compiler.
2026.03.01 23:48:23 INFO  no build target found for C:\Users\Usuario\Documents\GitHub\Proyecto-Lectura2\src\main\java\com\example\LecturaSana\model\Pedido.java. Using fallback presentation compiler.
2026.03.01 23:48:24 INFO  no build target found for C:\Users\Usuario\Documents\GitHub\Proyecto-Lectura2\src\main\java\com\example\LecturaSana\model\IndexLibros.java. Using fallback presentation compiler.
2026.03.01 23:48:24 INFO  no build target found for C:\Users\Usuario\Documents\GitHub\Proyecto-Lectura2\src\main\java\com\example\LecturaSana\model\IndexLibros.java. Using fallback presentation compiler.
2026.03.01 23:48:26 INFO  no build target found for C:\Users\Usuario\Documents\GitHub\Proyecto-Lectura2\src\main\java\com\example\LecturaSana\model\Libro.java. Using fallback presentation compiler.
2026.03.01 23:48:26 INFO  no build target found for C:\Users\Usuario\Documents\GitHub\Proyecto-Lectura2\src\main\java\com\example\LecturaSana\model\IndexLibros.java. Using fallback presentation compiler.
2026.03.01 23:48:26 INFO  no build target found for C:\Users\Usuario\Documents\GitHub\Proyecto-Lectura2\src\main\java\com\example\LecturaSana\model\Libro.java. Using fallback presentation compiler.
2026.03.01 23:48:26 INFO  no build target found for C:\Users\Usuario\Documents\GitHub\Proyecto-Lectura2\src\main\java\com\example\LecturaSana\model\Libro.java. Using fallback presentation compiler.
2026.03.01 23:48:26 INFO  no build target found for C:\Users\Usuario\Documents\GitHub\Proyecto-Lectura2\src\main\java\com\example\LecturaSana\model\Libro.java. Using fallback presentation compiler.
2026.03.01 23:48:27 INFO  no build target found for C:\Users\Usuario\Documents\GitHub\Proyecto-Lectura2\src\main\java\com\example\LecturaSana\model\IndexLibros.java. Using fallback presentation compiler.
2026.03.01 23:48:29 INFO  no build target found for C:\Users\Usuario\Documents\GitHub\Proyecto-Lectura2\src\main\java\com\example\LecturaSana\model\Rol.java. Using fallback presentation compiler.
2026.03.01 23:48:29 INFO  no build target found for C:\Users\Usuario\Documents\GitHub\Proyecto-Lectura2\src\main\java\com\example\LecturaSana\model\Rol.java. Using fallback presentation compiler.
2026.03.01 23:48:29 INFO  no build target found for C:\Users\Usuario\Documents\GitHub\Proyecto-Lectura2\src\main\java\com\example\LecturaSana\model\IndexLibros.java. Using fallback presentation compiler.
2026.03.01 23:48:29 INFO  no build target found for C:\Users\Usuario\Documents\GitHub\Proyecto-Lectura2\src\main\java\com\example\LecturaSana\model\Rol.java. Using fallback presentation compiler.
2026.03.01 23:48:30 INFO  no build target found for C:\Users\Usuario\Documents\GitHub\Proyecto-Lectura2\src\main\java\com\example\LecturaSana\model\Rol.java. Using fallback presentation compiler.
2026.03.01 23:49:11 INFO  no build target found for C:\Users\Usuario\Documents\GitHub\Proyecto-Lectura2\src\main\java\com\example\LecturaSana\controller\PerfilController.java. Using fallback presentation compiler.
2026.03.01 23:49:14 WARN  no build target for: C:\Users\Usuario\Documents\GitHub\Proyecto-Lectura2\src\main\java\com\example\LecturaSana\controller\CarritoController.java
2026.03.01 23:49:14 INFO  no build target found for C:\Users\Usuario\Documents\GitHub\Proyecto-Lectura2\src\main\java\com\example\LecturaSana\controller\CarritoController.java. Using fallback presentation compiler.
2026.03.01 23:49:14 INFO  no build target found for C:\Users\Usuario\Documents\GitHub\Proyecto-Lectura2\src\main\java\com\example\LecturaSana\controller\CarritoController.java. Using fallback presentation compiler.
2026.03.01 23:49:14 INFO  no build target found for C:\Users\Usuario\Documents\GitHub\Proyecto-Lectura2\src\main\java\com\example\LecturaSana\controller\CarritoController.java. Using fallback presentation compiler.
2026.03.01 23:49:15 INFO  no build target found for C:\Users\Usuario\Documents\GitHub\Proyecto-Lectura2\src\main\java\com\example\LecturaSana\controller\CarritoController.java. Using fallback presentation compiler.
2026.03.01 23:49:15 INFO  no build target found for C:\Users\Usuario\Documents\GitHub\Proyecto-Lectura2\src\main\java\com\example\LecturaSana\controller\CarritoController.java. Using fallback presentation compiler.
2026.03.01 23:49:15 INFO  no build target found for C:\Users\Usuario\Documents\GitHub\Proyecto-Lectura2\src\main\java\com\example\LecturaSana\controller\CarritoController.java. Using fallback presentation compiler.
2026.03.01 23:50:04 INFO  no build target found for C:\Users\Usuario\Documents\GitHub\Proyecto-Lectura2\src\main\java\com\example\LecturaSana\controller\CarritoController.java. Using fallback presentation compiler.
2026.03.01 23:50:04 INFO  no build target found for C:\Users\Usuario\Documents\GitHub\Proyecto-Lectura2\src\main\java\com\example\LecturaSana\controller\CarritoController.java. Using fallback presentation compiler.
2026.03.01 23:56:07 WARN  no build target for: C:\Users\Usuario\Documents\GitHub\Proyecto-Lectura2\src\main\java\com\example\LecturaSana\controller\CarritoController.java
2026.03.01 23:56:07 INFO  no build target found for C:\Users\Usuario\Documents\GitHub\Proyecto-Lectura2\src\main\java\com\example\LecturaSana\controller\CarritoController.java. Using fallback presentation compiler.
2026.03.01 23:56:07 INFO  no build target found for C:\Users\Usuario\Documents\GitHub\Proyecto-Lectura2\src\main\java\com\example\LecturaSana\controller\CarritoController.java. Using fallback presentation compiler.
mar. 01, 2026 11:56:08 P. M. org.eclipse.lsp4j.jsonrpc.RemoteEndpoint handleCancellation
ADVERTENCIA: Unmatched cancel notification for request id 185
2026.03.01 23:56:07 INFO  no build target found for C:\Users\Usuario\Documents\GitHub\Proyecto-Lectura2\src\main\java\com\example\LecturaSana\controller\CarritoController.java. Using fallback presentation compiler.
2026.03.01 23:56:08 INFO  no build target found for C:\Users\Usuario\Documents\GitHub\Proyecto-Lectura2\src\main\java\com\example\LecturaSana\controller\CarritoController.java. Using fallback presentation compiler.
2026.03.01 23:56:07 INFO  no build target found for C:\Users\Usuario\Documents\GitHub\Proyecto-Lectura2\src\main\java\com\example\LecturaSana\controller\CarritoController.java. Using fallback presentation compiler.
2026.03.01 23:56:09 INFO  no build target found for C:\Users\Usuario\Documents\GitHub\Proyecto-Lectura2\src\main\java\com\example\LecturaSana\controller\CarritoController.java. Using fallback presentation compiler.
2026.03.01 23:56:40 INFO  no build target found for C:\Users\Usuario\Documents\GitHub\Proyecto-Lectura2\src\main\java\com\example\LecturaSana\config\PayPalConfig.java. Using fallback presentation compiler.
2026.03.01 23:56:40 INFO  no build target found for C:\Users\Usuario\Documents\GitHub\Proyecto-Lectura2\src\main\java\com\example\LecturaSana\service\PayPalService.java. Using fallback presentation compiler.
2026.03.01 23:56:42 INFO  no build target found for C:\Users\Usuario\Documents\GitHub\Proyecto-Lectura2\src\main\java\com\example\LecturaSana\config\PayPalConfig.java. Using fallback presentation compiler.
2026.03.01 23:56:46 INFO  no build target found for C:\Users\Usuario\Documents\GitHub\Proyecto-Lectura2\src\main\java\com\example\LecturaSana\controller\PayPalController.java. Using fallback presentation compiler.
2026.03.01 23:56:46 INFO  no build target found for C:\Users\Usuario\Documents\GitHub\Proyecto-Lectura2\src\main\java\com\example\LecturaSana\service\PayPalService.java. Using fallback presentation compiler.
2026.03.01 23:56:46 INFO  no build target found for C:\Users\Usuario\Documents\GitHub\Proyecto-Lectura2\src\main\java\com\example\LecturaSana\config\PayPalConfig.java. Using fallback presentation compiler.
2026.03.01 23:56:46 WARN  no build target for: C:\Users\Usuario\Documents\GitHub\Proyecto-Lectura2\src\main\java\com\example\LecturaSana\config\PayPalConfig.java
2026.03.01 23:56:46 INFO  no build target found for C:\Users\Usuario\Documents\GitHub\Proyecto-Lectura2\src\main\java\com\example\LecturaSana\controller\PayPalController.java. Using fallback presentation compiler.
2026.03.01 23:56:46 WARN  no build target for: C:\Users\Usuario\Documents\GitHub\Proyecto-Lectura2\src\main\java\com\example\LecturaSana\service\PayPalService.java
2026.03.01 23:56:46 WARN  no build target for: C:\Users\Usuario\Documents\GitHub\Proyecto-Lectura2\src\main\java\com\example\LecturaSana\controller\PayPalController.java
2026.03.01 23:56:56 WARN  no build target for: C:\Users\Usuario\Documents\GitHub\Proyecto-Lectura2\src\main\java\com\example\LecturaSana\controller\CarritoController.java
2026.03.01 23:56:56 INFO  no build target found for C:\Users\Usuario\Documents\GitHub\Proyecto-Lectura2\src\main\java\com\example\LecturaSana\controller\CarritoController.java. Using fallback presentation compiler.
2026.03.01 23:56:56 INFO  no build target found for C:\Users\Usuario\Documents\GitHub\Proyecto-Lectura2\src\main\java\com\example\LecturaSana\controller\CarritoController.java. Using fallback presentation compiler.
2026.03.01 23:56:56 INFO  no build target found for C:\Users\Usuario\Documents\GitHub\Proyecto-Lectura2\src\main\java\com\example\LecturaSana\controller\CarritoController.java. Using fallback presentation compiler.
2026.03.01 23:56:58 INFO  no build target found for C:\Users\Usuario\Documents\GitHub\Proyecto-Lectura2\src\main\java\com\example\LecturaSana\controller\CarritoController.java. Using fallback presentation compiler.
2026.03.01 23:57:02 INFO  no build target found for C:\Users\Usuario\Documents\GitHub\Proyecto-Lectura2\src\main\java\com\example\LecturaSana\controller\CarritoController.java. Using fallback presentation compiler.
2026.03.01 23:57:02 INFO  no build target found for C:\Users\Usuario\Documents\GitHub\Proyecto-Lectura2\src\main\java\com\example\LecturaSana\controller\CarritoController.java. Using fallback presentation compiler.
2026.03.01 23:57:20 INFO  no build target found for C:\Users\Usuario\Documents\GitHub\Proyecto-Lectura2\src\main\java\com\example\LecturaSana\controller\CarritoController.java. Using fallback presentation compiler.
2026.03.01 23:57:24 INFO  no build target found for C:\Users\Usuario\Documents\GitHub\Proyecto-Lectura2\src\main\java\com\example\LecturaSana\model\Pedido.java. Using fallback presentation compiler.
2026.03.01 23:57:24 INFO  no build target found for C:\Users\Usuario\Documents\GitHub\Proyecto-Lectura2\src\main\java\com\example\LecturaSana\config\SecurityConfig.java. Using fallback presentation compiler.
2026.03.01 23:57:24 INFO  no build target found for C:\Users\Usuario\Documents\GitHub\Proyecto-Lectura2\src\main\java\com\example\LecturaSana\controller\CarritoController.java. Using fallback presentation compiler.
2026.03.01 23:57:24 WARN  no build target for: C:\Users\Usuario\Documents\GitHub\Proyecto-Lectura2\src\main\java\com\example\LecturaSana\config\SecurityConfig.java
C:\Users\Usuario\Documents\GitHub\Proyecto-Lectura2\src\main\java\com\example\LecturaSana\config\SecurityConfig.java:35: error: unmappable character (0x8D) for encoding windows-1252
            // --- AQUĂ? QUITAMOS TODO EL BLOQUE ".headers(...)" ---
                       ^
C:\Users\Usuario\Documents\GitHub\Proyecto-Lectura2\src\main\java\com\example\LecturaSana\config\SecurityConfig.java:39: error: unmappable character (0x81) for encoding windows-1252
                // 1. RECURSOS ESTĂ?TICOS (ImĂˇgenes, CSS, JS)
                                   ^
2026.03.01 23:57:25 WARN  no build target for: C:\Users\Usuario\Documents\GitHub\Proyecto-Lectura2\src\main\java\com\example\LecturaSana\model\Pedido.java
C:\Users\Usuario\Documents\GitHub\Proyecto-Lectura2\src\main\java\com\example\LecturaSana\model\Pedido.java:42: error: unmappable character (0x8D) for encoding windows-1252
    // --- DATOS DE ENVĂ?O ---
                        ^
2026.03.01 23:57:25 INFO  no build target found for C:\Users\Usuario\Documents\GitHub\Proyecto-Lectura2\src\main\java\com\example\LecturaSana\controller\CarritoController.java. Using fallback presentation compiler.
mar. 01, 2026 11:57:25 P. M. org.eclipse.lsp4j.jsonrpc.RemoteEndpoint handleCancellation
ADVERTENCIA: Unmatched cancel notification for request id 208
mar. 01, 2026 11:57:25 P. M. org.eclipse.lsp4j.jsonrpc.RemoteEndpoint handleCancellation
ADVERTENCIA: Unmatched cancel notification for request id 209
2026.03.01 23:57:25 WARN  no build target for: C:\Users\Usuario\Documents\GitHub\Proyecto-Lectura2\src\main\java\com\example\LecturaSana\controller\CarritoController.java
2026.03.01 23:57:25 WARN  no build target for: C:\Users\Usuario\Documents\GitHub\Proyecto-Lectura2\src\main\java\com\example\LecturaSana\controller\PayPalController.java
2026.03.01 23:57:25 INFO  no build target found for C:\Users\Usuario\Documents\GitHub\Proyecto-Lectura2\src\main\java\com\example\LecturaSana\controller\PayPalController.java. Using fallback presentation compiler.
2026.03.01 23:57:26 INFO  no build target found for C:\Users\Usuario\Documents\GitHub\Proyecto-Lectura2\src\main\java\com\example\LecturaSana\controller\PayPalController.java. Using fallback presentation compiler.
mar. 01, 2026 11:57:26 P. M. org.eclipse.lsp4j.jsonrpc.RemoteEndpoint handleCancellation
ADVERTENCIA: Unmatched cancel notification for request id 213
2026.03.01 23:57:26 INFO  no build target found for C:\Users\Usuario\Documents\GitHub\Proyecto-Lectura2\src\main\java\com\example\LecturaSana\controller\PayPalController.java. Using fallback presentation compiler.
2026.03.01 23:57:26 INFO  no build target found for C:\Users\Usuario\Documents\GitHub\Proyecto-Lectura2\src\main\java\com\example\LecturaSana\controller\PayPalController.java. Using fallback presentation compiler.
2026.03.01 23:57:26 INFO  no build target found for C:\Users\Usuario\Documents\GitHub\Proyecto-Lectura2\src\main\java\com\example\LecturaSana\controller\PayPalController.java. Using fallback presentation compiler.
2026.03.01 23:57:26 INFO  no build target found for C:\Users\Usuario\Documents\GitHub\Proyecto-Lectura2\src\main\java\com\example\LecturaSana\controller\PayPalController.java. Using fallback presentation compiler.
2026.03.01 23:57:30 INFO  no build target found for C:\Users\Usuario\Documents\GitHub\Proyecto-Lectura2\src\main\java\com\example\LecturaSana\controller\PayPalController.java. Using fallback presentation compiler.
2026.03.01 23:57:35 INFO  no build target found for C:\Users\Usuario\Documents\GitHub\Proyecto-Lectura2\src\main\java\com\example\LecturaSana\service\PayPalService.java. Using fallback presentation compiler.
2026.03.01 23:57:35 WARN  no build target for: C:\Users\Usuario\Documents\GitHub\Proyecto-Lectura2\src\main\java\com\example\LecturaSana\service\PayPalService.java
2026.03.01 23:57:36 INFO  no build target found for C:\Users\Usuario\Documents\GitHub\Proyecto-Lectura2\src\main\java\com\example\LecturaSana\service\PayPalService.java. Using fallback presentation compiler.
2026.03.01 23:57:37 INFO  no build target found for C:\Users\Usuario\Documents\GitHub\Proyecto-Lectura2\src\main\java\com\example\LecturaSana\service\PayPalService.java. Using fallback presentation compiler.
2026.03.01 23:57:37 INFO  no build target found for C:\Users\Usuario\Documents\GitHub\Proyecto-Lectura2\src\main\java\com\example\LecturaSana\service\PayPalService.java. Using fallback presentation compiler.
2026.03.01 23:57:37 INFO  no build target found for C:\Users\Usuario\Documents\GitHub\Proyecto-Lectura2\src\main\java\com\example\LecturaSana\service\PayPalService.java. Using fallback presentation compiler.
2026.03.01 23:57:41 INFO  no build target found for C:\Users\Usuario\Documents\GitHub\Proyecto-Lectura2\src\main\java\com\example\LecturaSana\service\PayPalService.java. Using fallback presentation compiler.
2026.03.01 23:57:45 INFO  no build target found for C:\Users\Usuario\Documents\GitHub\Proyecto-Lectura2\src\main\java\com\example\LecturaSana\controller\CarritoController.java. Using fallback presentation compiler.
2026.03.01 23:57:45 WARN  no build target for: C:\Users\Usuario\Documents\GitHub\Proyecto-Lectura2\src\main\java\com\example\LecturaSana\controller\CarritoController.java
2026.03.01 23:57:55 INFO  no build target found for C:\Users\Usuario\Documents\GitHub\Proyecto-Lectura2\src\main\java\com\example\LecturaSana\service\PayPalService.java. Using fallback presentation compiler.
2026.03.01 23:57:55 WARN  no build target for: C:\Users\Usuario\Documents\GitHub\Proyecto-Lectura2\src\main\java\com\example\LecturaSana\service\PayPalService.java
2026.03.01 23:57:56 INFO  no build target found for C:\Users\Usuario\Documents\GitHub\Proyecto-Lectura2\src\main\java\com\example\LecturaSana\service\PayPalService.java. Using fallback presentation compiler.
2026.03.01 23:57:56 INFO  no build target found for C:\Users\Usuario\Documents\GitHub\Proyecto-Lectura2\src\main\java\com\example\LecturaSana\service\PayPalService.java. Using fallback presentation compiler.
2026.03.01 23:57:56 INFO  no build target found for C:\Users\Usuario\Documents\GitHub\Proyecto-Lectura2\src\main\java\com\example\LecturaSana\service\PayPalService.java. Using fallback presentation compiler.
2026.03.01 23:58:19 WARN  no build target for: C:\Users\Usuario\Documents\GitHub\Proyecto-Lectura2\src\main\java\com\example\LecturaSana\controller\PayPalController.java
2026.03.01 23:58:19 INFO  no build target found for C:\Users\Usuario\Documents\GitHub\Proyecto-Lectura2\src\main\java\com\example\LecturaSana\controller\PayPalController.java. Using fallback presentation compiler.
2026.03.01 23:58:19 INFO  no build target found for C:\Users\Usuario\Documents\GitHub\Proyecto-Lectura2\src\main\java\com\example\LecturaSana\controller\PayPalController.java. Using fallback presentation compiler.
2026.03.01 23:58:19 INFO  no build target found for C:\Users\Usuario\Documents\GitHub\Proyecto-Lectura2\src\main\java\com\example\LecturaSana\controller\PayPalController.java. Using fallback presentation compiler.
mar. 01, 2026 11:58:32 P. M. org.eclipse.lsp4j.jsonrpc.services.GenericEndpoint notify
INFORMACIÓN: Unsupported notification method: $/setTrace
2026.03.01 23:59:59 WARN  no build target for: C:\Users\Usuario\Documents\GitHub\Proyecto-Lectura2\src\main\java\com\example\LecturaSana\controller\PayPalController.java
2026.03.01 23:59:59 INFO  no build target found for C:\Users\Usuario\Documents\GitHub\Proyecto-Lectura2\src\main\java\com\example\LecturaSana\controller\PayPalController.java. Using fallback presentation compiler.
2026.03.01 23:59:59 INFO  no build target found for C:\Users\Usuario\Documents\GitHub\Proyecto-Lectura2\src\main\java\com\example\LecturaSana\controller\PayPalController.java. Using fallback presentation compiler.
2026.03.02 00:00:00 INFO  no build target found for C:\Users\Usuario\Documents\GitHub\Proyecto-Lectura2\src\main\java\com\example\LecturaSana\controller\PayPalController.java. Using fallback presentation compiler.
2026.03.01 23:59:59 INFO  no build target found for C:\Users\Usuario\Documents\GitHub\Proyecto-Lectura2\src\main\java\com\example\LecturaSana\controller\PayPalController.java. Using fallback presentation compiler.
2026.03.01 23:59:59 INFO  no build target found for C:\Users\Usuario\Documents\GitHub\Proyecto-Lectura2\src\main\java\com\example\LecturaSana\controller\PayPalController.java. Using fallback presentation compiler.
mar. 02, 2026 12:00:01 A. M. org.eclipse.lsp4j.jsonrpc.RemoteEndpoint handleCancellation
ADVERTENCIA: Unmatched cancel notification for request id 259
2026.03.02 00:00:01 INFO  no build target found for C:\Users\Usuario\Documents\GitHub\Proyecto-Lectura2\src\main\java\com\example\LecturaSana\controller\PayPalController.java. Using fallback presentation compiler.
2026.03.02 00:00:01 INFO  no build target found for C:\Users\Usuario\Documents\GitHub\Proyecto-Lectura2\src\main\java\com\example\LecturaSana\controller\PayPalController.java. Using fallback presentation compiler.
2026.03.02 00:00:01 INFO  no build target found for C:\Users\Usuario\Documents\GitHub\Proyecto-Lectura2\src\main\java\com\example\LecturaSana\controller\PayPalController.java. Using fallback presentation compiler.
2026.03.02 00:00:01 INFO  no build target found for C:\Users\Usuario\Documents\GitHub\Proyecto-Lectura2\src\main\java\com\example\LecturaSana\controller\PayPalController.java. Using fallback presentation compiler.
mar. 02, 2026 12:00:01 A. M. org.eclipse.lsp4j.jsonrpc.RemoteEndpoint handleCancellation
ADVERTENCIA: Unmatched cancel notification for request id 264
2026.03.02 00:00:02 INFO  no build target found for C:\Users\Usuario\Documents\GitHub\Proyecto-Lectura2\src\main\java\com\example\LecturaSana\controller\PayPalController.java. Using fallback presentation compiler.
2026.03.02 00:00:07 INFO  no build target found for C:\Users\Usuario\Documents\GitHub\Proyecto-Lectura2\src\main\java\com\example\LecturaSana\controller\PayPalController.java. Using fallback presentation compiler.
2026.03.02 00:00:11 INFO  no build target found for C:\Users\Usuario\Documents\GitHub\Proyecto-Lectura2\src\main\java\com\example\LecturaSana\controller\PayPalController.java. Using fallback presentation compiler.
2026.03.02 00:00:18 INFO  no build target found for C:\Users\Usuario\Documents\GitHub\Proyecto-Lectura2\src\main\java\com\example\LecturaSana\controller\NovedadesController.java. Using fallback presentation compiler.
2026.03.02 00:00:19 INFO  no build target found for C:\Users\Usuario\Documents\GitHub\Proyecto-Lectura2\src\main\java\com\example\LecturaSana\controller\NovedadesController.java. Using fallback presentation compiler.
mar. 02, 2026 12:00:19 A. M. org.eclipse.lsp4j.jsonrpc.RemoteEndpoint handleCancellation
ADVERTENCIA: Unmatched cancel notification for request id 274
mar. 02, 2026 12:00:19 A. M. org.eclipse.lsp4j.jsonrpc.RemoteEndpoint handleCancellation
ADVERTENCIA: Unmatched cancel notification for request id 271
mar. 02, 2026 12:00:19 A. M. org.eclipse.lsp4j.jsonrpc.RemoteEndpoint handleCancellation
ADVERTENCIA: Unmatched cancel notification for request id 272
2026.03.02 00:00:19 WARN  no build target for: C:\Users\Usuario\Documents\GitHub\Proyecto-Lectura2\src\main\java\com\example\LecturaSana\service\PayPalService.java
2026.03.02 00:00:18 INFO  no build target found for C:\Users\Usuario\Documents\GitHub\Proyecto-Lectura2\src\main\java\com\example\LecturaSana\service\PayPalService.java. Using fallback presentation compiler.
2026.03.02 00:00:18 INFO  no build target found for C:\Users\Usuario\Documents\GitHub\Proyecto-Lectura2\src\main\java\com\example\LecturaSana\service\PayPalService.java. Using fallback presentation compiler.
2026.03.02 00:00:19 INFO  no build target found for C:\Users\Usuario\Documents\GitHub\Proyecto-Lectura2\src\main\java\com\example\LecturaSana\service\PayPalService.java. Using fallback presentation compiler.
mar. 02, 2026 12:00:19 A. M. org.eclipse.lsp4j.jsonrpc.RemoteEndpoint handleCancellation
ADVERTENCIA: Unmatched cancel notification for request id 277
2026.03.02 00:00:20 INFO  no build target found for C:\Users\Usuario\Documents\GitHub\Proyecto-Lectura2\src\main\java\com\example\LecturaSana\service\PayPalService.java. Using fallback presentation compiler.
2026.03.02 00:00:23 INFO  no build target found for C:\Users\Usuario\Documents\GitHub\Proyecto-Lectura2\src\main\java\com\example\LecturaSana\service\PayPalService.java. Using fallback presentation compiler.
2026.03.02 00:01:06 INFO  no build target found for C:\Users\Usuario\Documents\GitHub\Proyecto-Lectura2\src\main\java\com\example\LecturaSana\service\PayPalService.java. Using fallback presentation compiler.
2026.03.02 00:01:06 INFO  no build target found for C:\Users\Usuario\Documents\GitHub\Proyecto-Lectura2\src\main\java\com\example\LecturaSana\service\PayPalService.java. Using fallback presentation compiler.
mar. 02, 2026 12:01:07 A. M. org.eclipse.lsp4j.jsonrpc.RemoteEndpoint handleCancellation
ADVERTENCIA: Unmatched cancel notification for request id 285
2026.03.02 00:01:06 INFO  no build target found for C:\Users\Usuario\Documents\GitHub\Proyecto-Lectura2\src\main\java\com\example\LecturaSana\model\Usuario.java. Using fallback presentation compiler.
2026.03.02 00:01:06 INFO  no build target found for C:\Users\Usuario\Documents\GitHub\Proyecto-Lectura2\src\main\java\com\example\LecturaSana\service\CarritoService.java. Using fallback presentation compiler.
2026.03.02 00:01:06 INFO  no build target found for C:\Users\Usuario\Documents\GitHub\Proyecto-Lectura2\src\main\java\com\example\LecturaSana\repository\CarritoItemRepository.java. Using fallback presentation compiler.
2026.03.02 00:01:06 INFO  no build target found for C:\Users\Usuario\Documents\GitHub\Proyecto-Lectura2\src\main\java\com\example\LecturaSana\controller\PerfilController.java. Using fallback presentation compiler.
2026.03.02 00:01:06 INFO  no build target found for C:\Users\Usuario\Documents\GitHub\Proyecto-Lectura2\src\main\java\com\example\LecturaSana\service\NovedadService.java. Using fallback presentation compiler.
2026.03.02 00:01:06 INFO  no build target found for C:\Users\Usuario\Documents\GitHub\Proyecto-Lectura2\src\main\java\com\example\LecturaSana\repository\LibroRepository.java. Using fallback presentation compiler.
2026.03.02 00:01:06 INFO  no build target found for C:\Users\Usuario\Documents\GitHub\Proyecto-Lectura2\src\main\java\com\example\LecturaSana\repository\TarjetaNovedadRepository.java. Using fallback presentation compiler.
2026.03.02 00:01:09 INFO  no build target found for C:\Users\Usuario\Documents\GitHub\Proyecto-Lectura2\src\main\java\com\example\LecturaSana\service\PayPalService.java. Using fallback presentation compiler.
2026.03.02 00:01:09 INFO  no build target found for C:\Users\Usuario\Documents\GitHub\Proyecto-Lectura2\src\main\java\com\example\LecturaSana\service\PayPalService.java. Using fallback presentation compiler.
mar. 02, 2026 12:01:09 A. M. org.eclipse.lsp4j.jsonrpc.RemoteEndpoint handleCancellation
ADVERTENCIA: Unmatched cancel notification for request id 288
2026.03.02 00:01:09 INFO  no build target found for C:\Users\Usuario\Documents\GitHub\Proyecto-Lectura2\src\main\java\com\example\LecturaSana\service\PayPalService.java. Using fallback presentation compiler.
2026.03.02 00:01:13 INFO  no build target found for C:\Users\Usuario\Documents\GitHub\Proyecto-Lectura2\src\main\java\com\example\LecturaSana\service\PayPalService.java. Using fallback presentation compiler.
2026.03.02 00:01:13 INFO  no build target found for C:\Users\Usuario\Documents\GitHub\Proyecto-Lectura2\src\main\java\com\example\LecturaSana\service\PayPalService.java. Using fallback presentation compiler.
2026.03.02 00:01:13 INFO  no build target found for C:\Users\Usuario\Documents\GitHub\Proyecto-Lectura2\src\main\java\com\example\LecturaSana\service\PayPalService.java. Using fallback presentation compiler.
2026.03.02 00:01:13 INFO  no build target found for C:\Users\Usuario\Documents\GitHub\Proyecto-Lectura2\src\main\java\com\example\LecturaSana\service\PayPalService.java. Using fallback presentation compiler.
2026.03.02 00:01:14 INFO  no build target found for C:\Users\Usuario\Documents\GitHub\Proyecto-Lectura2\src\main\java\com\example\LecturaSana\service\PayPalService.java. Using fallback presentation compiler.
2026.03.02 00:01:14 INFO  no build target found for C:\Users\Usuario\Documents\GitHub\Proyecto-Lectura2\src\main\java\com\example\LecturaSana\service\PayPalService.java. Using fallback presentation compiler.
mar. 02, 2026 12:02:35 A. M. org.eclipse.lsp4j.jsonrpc.services.GenericEndpoint notify
INFORMACIÓN: Unsupported notification method: $/setTrace
mar. 02, 2026 12:02:51 A. M. org.eclipse.lsp4j.jsonrpc.services.GenericEndpoint notify
INFORMACIÓN: Unsupported notification method: $/setTrace
2026.03.02 00:03:53 INFO  no build target found for C:\Users\Usuario\Documents\GitHub\Proyecto-Lectura2\src\main\java\com\example\LecturaSana\controller\NovedadesController.java. Using fallback presentation compiler.
2026.03.02 00:05:27 INFO  no build target found for C:\Users\Usuario\Documents\GitHub\Proyecto-Lectura2\src\main\java\com\example\LecturaSana\controller\NovedadesController.java. Using fallback presentation compiler.
2026.03.02 00:05:27 INFO  no build target found for C:\Users\Usuario\Documents\GitHub\Proyecto-Lectura2\src\main\java\com\example\LecturaSana\controller\NovedadesController.java. Using fallback presentation compiler.
2026.03.02 00:05:45 INFO  no build target found for C:\Users\Usuario\Documents\GitHub\Proyecto-Lectura2\src\main\java\com\example\LecturaSana\controller\NovedadesController.java. Using fallback presentation compiler.
2026.03.02 00:05:45 INFO  no build target found for C:\Users\Usuario\Documents\GitHub\Proyecto-Lectura2\src\main\java\com\example\LecturaSana\controller\NovedadesController.java. Using fallback presentation compiler.
mar. 02, 2026 12:05:45 A. M. org.eclipse.lsp4j.jsonrpc.RemoteEndpoint handleCancellation
ADVERTENCIA: Unmatched cancel notification for request id 308
2026.03.02 00:05:48 INFO  no build target found for C:\Users\Usuario\Documents\GitHub\Proyecto-Lectura2\src\main\java\com\example\LecturaSana\controller\NovedadesController.java. Using fallback presentation compiler.
2026.03.02 00:09:47 INFO  no build target found for C:\Users\Usuario\Documents\GitHub\Proyecto-Lectura2\src\main\java\com\example\LecturaSana\service\PayPalService.java. Using fallback presentation compiler.
2026.03.02 00:09:47 WARN  no build target for: C:\Users\Usuario\Documents\GitHub\Proyecto-Lectura2\src\main\java\com\example\LecturaSana\service\PayPalService.java
2026.03.02 00:09:47 INFO  no build target found for C:\Users\Usuario\Documents\GitHub\Proyecto-Lectura2\src\main\java\com\example\LecturaSana\service\PayPalService.java. Using fallback presentation compiler.
2026.03.02 00:09:47 INFO  no build target found for C:\Users\Usuario\Documents\GitHub\Proyecto-Lectura2\src\main\java\com\example\LecturaSana\service\PayPalService.java. Using fallback presentation compiler.
2026.03.02 00:09:49 INFO  no build target found for C:\Users\Usuario\Documents\GitHub\Proyecto-Lectura2\src\main\java\com\example\LecturaSana\service\PayPalService.java. Using fallback presentation compiler.
2026.03.02 00:13:05 INFO  no build target found for C:\Users\Usuario\Documents\GitHub\Proyecto-Lectura2\src\main\java\com\example\LecturaSana\controller\NoticiaAdminController.java. Using fallback presentation compiler.
2026.03.02 00:13:05 INFO  no build target found for C:\Users\Usuario\Documents\GitHub\Proyecto-Lectura2\src\main\java\com\example\LecturaSana\controller\NoticiaAdminController.java. Using fallback presentation compiler.
mar. 02, 2026 12:13:05 A. M. org.eclipse.lsp4j.jsonrpc.RemoteEndpoint handleCancellation
ADVERTENCIA: Unmatched cancel notification for request id 321
mar. 02, 2026 12:13:05 A. M. org.eclipse.lsp4j.jsonrpc.RemoteEndpoint handleCancellation
ADVERTENCIA: Unmatched cancel notification for request id 318
mar. 02, 2026 12:13:05 A. M. org.eclipse.lsp4j.jsonrpc.RemoteEndpoint handleCancellation
ADVERTENCIA: Unmatched cancel notification for request id 319
2026.03.02 00:13:05 INFO  no build target found for C:\Users\Usuario\Documents\GitHub\Proyecto-Lectura2\src\main\java\com\example\LecturaSana\controller\NoticiaAdminController.java. Using fallback presentation compiler.
2026.03.02 00:13:05 INFO  no build target found for C:\Users\Usuario\Documents\GitHub\Proyecto-Lectura2\src\main\java\com\example\LecturaSana\controller\LoginController.java. Using fallback presentation compiler.
2026.03.02 00:13:06 INFO  no build target found for C:\Users\Usuario\Documents\GitHub\Proyecto-Lectura2\src\main\java\com\example\LecturaSana\controller\LoginController.java. Using fallback presentation compiler.
2026.03.02 00:13:06 INFO  no build target found for C:\Users\Usuario\Documents\GitHub\Proyecto-Lectura2\src\main\java\com\example\LecturaSana\controller\LoginController.java. Using fallback presentation compiler.
2026.03.02 00:13:06 INFO  no build target found for C:\Users\Usuario\Documents\GitHub\Proyecto-Lectura2\src\main\java\com\example\LecturaSana\controller\NovedadesController.java. Using fallback presentation compiler.
2026.03.02 00:13:06 INFO  no build target found for C:\Users\Usuario\Documents\GitHub\Proyecto-Lectura2\src\main\java\com\example\LecturaSana\controller\NovedadesController.java. Using fallback presentation compiler.
2026.03.02 00:14:30 INFO  no build target found for C:\Users\Usuario\Documents\GitHub\Proyecto-Lectura2\src\main\java\com\example\LecturaSana\controller\NovedadesController.java. Using fallback presentation compiler.
2026.03.02 00:27:01 INFO  no build target found for C:\Users\Usuario\Documents\GitHub\Proyecto-Lectura2\src\main\java\com\example\LecturaSana\model\Libro.java. Using fallback presentation compiler.
2026.03.02 00:27:09 INFO  no build target found for C:\Users\Usuario\Documents\GitHub\Proyecto-Lectura2\src\main\java\com\example\LecturaSana\controller\PerfilController.java. Using fallback presentation compiler.
2026.03.02 00:27:09 WARN  no build target for: C:\Users\Usuario\Documents\GitHub\Proyecto-Lectura2\src\main\java\com\example\LecturaSana\model\Pedido.java
2026.03.02 00:27:09 INFO  no build target found for C:\Users\Usuario\Documents\GitHub\Proyecto-Lectura2\src\main\java\com\example\LecturaSana\model\Pedido.java. Using fallback presentation compiler.
2026.03.02 00:27:10 INFO  Created report: Optional[file:///C:/Users/Usuario/Documents/GitHub/Proyecto-Lectura2/src/main/java/com/example/LecturaSana/model/Libro.java]
2026.03.02 00:27:10 INFO  empty definition using pc, found symbol in pc: _empty_/NotBlank# (full report at: "C:\Users\Usuario\Documents\GitHub\Proyecto-Lectura2\.metals\.reports\metals-full\2026-03-02\r_empty-definition_00-27-10-135.md")
2026.03.02 00:27:09 INFO  no build target found for C:\Users\Usuario\Documents\GitHub\Proyecto-Lectura2\src\main\java\com\example\LecturaSana\model\Pedido.java. Using fallback presentation compiler.
2026.03.02 00:27:09 INFO  empty definition using pc, found symbol in pc: com/example/LecturaSana/model/Pedido# (full report at: "C:\Users\Usuario\Documents\GitHub\Proyecto-Lectura2\.metals\.reports\metals-full\2026-03-01\r_empty-definition_20-59-25-754.md")
mar. 02, 2026 12:27:10 A. M. org.eclipse.lsp4j.jsonrpc.RemoteEndpoint handleCancellation
ADVERTENCIA: Unmatched cancel notification for request id 339
2026.03.02 00:27:10 INFO  no build target found for C:\Users\Usuario\Documents\GitHub\Proyecto-Lectura2\src\main\java\com\example\LecturaSana\model\Pedido.java. Using fallback presentation compiler.
2026.03.02 00:27:10 INFO  no build target found for C:\Users\Usuario\Documents\GitHub\Proyecto-Lectura2\src\main\java\com\example\LecturaSana\model\Pedido.java. Using fallback presentation compiler.
mar. 02, 2026 12:27:11 A. M. org.eclipse.lsp4j.jsonrpc.RemoteEndpoint handleCancellation
ADVERTENCIA: Unmatched cancel notification for request id 342
2026.03.02 00:27:10 INFO  no build target found for C:\Users\Usuario\Documents\GitHub\Proyecto-Lectura2\src\main\java\com\example\LecturaSana\model\Pedido.java. Using fallback presentation compiler.
mar. 02, 2026 12:27:11 A. M. org.eclipse.lsp4j.jsonrpc.RemoteEndpoint handleCancellation
ADVERTENCIA: Unmatched cancel notification for request id 344
2026.03.02 00:27:11 INFO  no build target found for C:\Users\Usuario\Documents\GitHub\Proyecto-Lectura2\src\main\java\com\example\LecturaSana\model\Pedido.java. Using fallback presentation compiler.
2026.03.02 00:27:10 INFO  no build target found for C:\Users\Usuario\Documents\GitHub\Proyecto-Lectura2\src\main\java\com\example\LecturaSana\model\Pedido.java. Using fallback presentation compiler.
2026.03.02 00:27:11 INFO  no build target found for C:\Users\Usuario\Documents\GitHub\Proyecto-Lectura2\src\main\java\com\example\LecturaSana\model\Pedido.java. Using fallback presentation compiler.
mar. 02, 2026 12:27:12 A. M. org.eclipse.lsp4j.jsonrpc.RemoteEndpoint handleCancellation
ADVERTENCIA: Unmatched cancel notification for request id 346
mar. 02, 2026 12:27:12 A. M. org.eclipse.lsp4j.jsonrpc.RemoteEndpoint handleCancellation
ADVERTENCIA: Unmatched cancel notification for request id 349
mar. 02, 2026 12:27:12 A. M. org.eclipse.lsp4j.jsonrpc.RemoteEndpoint handleCancellation
ADVERTENCIA: Unmatched cancel notification for request id 347
mar. 02, 2026 12:27:12 A. M. org.eclipse.lsp4j.jsonrpc.RemoteEndpoint handleCancellation
ADVERTENCIA: Unmatched cancel notification for request id 343
2026.03.02 00:27:12 INFO  no build target found for C:\Users\Usuario\Documents\GitHub\Proyecto-Lectura2\src\main\java\com\example\LecturaSana\controller\PerfilController.java. Using fallback presentation compiler.
2026.03.02 00:27:12 INFO  no build target found for C:\Users\Usuario\Documents\GitHub\Proyecto-Lectura2\src\main\java\com\example\LecturaSana\model\Libro.java. Using fallback presentation compiler.
2026.03.02 00:27:12 INFO  empty definition using pc, found symbol in pc: _empty_/NotBlank# (full report at: "C:\Users\Usuario\Documents\GitHub\Proyecto-Lectura2\.metals\.reports\metals-full\2026-03-02\r_empty-definition_00-27-10-135.md")
2026.03.02 00:27:13 INFO  empty definition using pc, found symbol in pc: com/example/LecturaSana/model/Pedido# (full report at: "C:\Users\Usuario\Documents\GitHub\Proyecto-Lectura2\.metals\.reports\metals-full\2026-03-01\r_empty-definition_20-59-25-754.md")
2026.03.02 00:27:19 INFO  no build target found for C:\Users\Usuario\Documents\GitHub\Proyecto-Lectura2\src\main\java\com\example\LecturaSana\model\Libro.java. Using fallback presentation compiler.
2026.03.02 00:27:20 INFO  no build target found for C:\Users\Usuario\Documents\GitHub\Proyecto-Lectura2\src\main\java\com\example\LecturaSana\controller\PerfilController.java. Using fallback presentation compiler.
2026.03.02 00:27:27 INFO  no build target found for C:\Users\Usuario\Documents\GitHub\Proyecto-Lectura2\src\main\java\com\example\LecturaSana\model\Pedido.java. Using fallback presentation compiler.
2026.03.02 00:27:27 WARN  no build target for: C:\Users\Usuario\Documents\GitHub\Proyecto-Lectura2\src\main\java\com\example\LecturaSana\model\Pedido.java
C:\Users\Usuario\Documents\GitHub\Proyecto-Lectura2\src\main\java\com\example\LecturaSana\model\Pedido.java:42: error: unmappable character (0x8D) for encoding windows-1252
    // --- DATOS DE ENVĂ?O ---
                        ^
2026.03.02 00:27:54 INFO  no build target found for C:\Users\Usuario\Documents\GitHub\Proyecto-Lectura2\src\main\java\com\example\LecturaSana\controller\CarritoController.java. Using fallback presentation compiler.
2026.03.02 00:27:55 WARN  no build target for: C:\Users\Usuario\Documents\GitHub\Proyecto-Lectura2\src\main\java\com\example\LecturaSana\controller\CarritoController.java
2026.03.02 00:28:26 INFO  no build target found for C:\Users\Usuario\Documents\GitHub\Proyecto-Lectura2\src\main\java\com\example\LecturaSana\model\Libro.java. Using fallback presentation compiler.
2026.03.02 00:28:27 INFO  no build target found for C:\Users\Usuario\Documents\GitHub\Proyecto-Lectura2\src\main\java\com\example\LecturaSana\model\Pedido.java. Using fallback presentation compiler.
2026.03.02 00:28:27 INFO  empty definition using pc, found symbol in pc: _empty_/NotBlank# (full report at: "C:\Users\Usuario\Documents\GitHub\Proyecto-Lectura2\.metals\.reports\metals-full\2026-03-02\r_empty-definition_00-27-10-135.md")
2026.03.02 00:28:27 INFO  Created report: Optional[file:///C:/Users/Usuario/Documents/GitHub/Proyecto-Lectura2/src/main/java/com/example/LecturaSana/model/Pedido.java]
2026.03.02 00:28:27 INFO  empty definition using pc, found symbol in pc: jakarta/validation/constraints/Pattern# (full report at: "C:\Users\Usuario\Documents\GitHub\Proyecto-Lectura2\.metals\.reports\metals-full\2026-03-02\r_empty-definition_00-28-27-660.md")
2026.03.02 00:28:27 INFO  no build target found for C:\Users\Usuario\Documents\GitHub\Proyecto-Lectura2\src\main\java\com\example\LecturaSana\model\Libro.java. Using fallback presentation compiler.
2026.03.02 00:28:38 INFO  no build target found for C:\Users\Usuario\Documents\GitHub\Proyecto-Lectura2\src\main\java\com\example\LecturaSana\model\Pedido.java. Using fallback presentation compiler.
2026.03.02 00:28:39 WARN  no build target for: C:\Users\Usuario\Documents\GitHub\Proyecto-Lectura2\src\main\java\com\example\LecturaSana\model\Pedido.java
C:\Users\Usuario\Documents\GitHub\Proyecto-Lectura2\src\main\java\com\example\LecturaSana\model\Pedido.java:42: error: unmappable character (0x8D) for encoding windows-1252
    // --- DATOS DE ENVĂ?O ---
                        ^
mar. 02, 2026 12:28:40 A. M. org.eclipse.lsp4j.jsonrpc.RemoteEndpoint handleNotification
ADVERTENCIA: Notification threw an exception: {
  "jsonrpc": "2.0",
  "method": "metals/didFocusTextDocument",
  "params": [
    "chat-editing-snapshot-text-model:/c%3A/Users/Usuario/Documents/GitHub/Proyecto-Lectura2/src/main/java/com/example/LecturaSana/model/Pedido.java?%7B%22session%22%3A%7B%22%24mid%22%3A1%2C%22external%22%3A%22vscode-chat-session%3A%2F%2Flocal%2FYjJmZjk0NTktOWM4NC00Yjk2LWFjN2EtNDM2Nzc1MGRiZmM3%22%2C%22path%22%3A%22%2FYjJmZjk0NTktOWM4NC00Yjk2LWFjN2EtNDM2Nzc1MGRiZmM3%22%2C%22scheme%22%3A%22vscode-chat-session%22%2C%22authority%22%3A%22local%22%7D%2C%22requestId%22%3A%22request_7bd7cb6e-45c4-48ed-ab3c-575d5b82ea82%22%2C%22undoStop%22%3A%22__epoch_9007199254740991%22%7D"
  ]
}
java.nio.file.FileSystemNotFoundException: Provider "chat-editing-snapshot-text-model" not installed
	at java.base/java.nio.file.Path.of(Path.java:212)
	at java.base/java.nio.file.Paths.get(Paths.java:98)
	at scala.meta.internal.mtags.MtagsEnrichments$XtensionURIMtags.toAbsolutePath(MtagsEnrichments.scala:149)
	at scala.meta.internal.mtags.MtagsEnrichments$XtensionStringMtags.toAbsolutePath(MtagsEnrichments.scala:209)
	at scala.meta.internal.metals.MetalsEnrichments$XtensionString.toAbsolutePath(MetalsEnrichments.scala:778)
	at scala.meta.internal.metals.MetalsEnrichments$XtensionString.toAbsolutePath(MetalsEnrichments.scala:775)
	at scala.meta.internal.metals.WorkspaceLspService.didFocus(WorkspaceLspService.scala:808)
	at scala.meta.metals.lsp.DelegatingScalaService.didFocus(DelegatingScalaService.scala:42)
	at jdk.internal.reflect.GeneratedMethodAccessor13.invoke(Unknown Source)
	at java.base/jdk.internal.reflect.DelegatingMethodAccessorImpl.invoke(DelegatingMethodAccessorImpl.java:43)
	at java.base/java.lang.reflect.Method.invoke(Method.java:569)
	at org.eclipse.lsp4j.jsonrpc.services.GenericEndpoint.lambda$recursiveFindRpcMethods$0(GenericEndpoint.java:65)
	at org.eclipse.lsp4j.jsonrpc.services.GenericEndpoint.notify(GenericEndpoint.java:160)
	at org.eclipse.lsp4j.jsonrpc.RemoteEndpoint.handleNotification(RemoteEndpoint.java:231)
	at org.eclipse.lsp4j.jsonrpc.RemoteEndpoint.consume(RemoteEndpoint.java:198)
	at org.eclipse.lsp4j.jsonrpc.json.StreamMessageProducer.handleMessage(StreamMessageProducer.java:185)
	at org.eclipse.lsp4j.jsonrpc.json.StreamMessageProducer.listen(StreamMessageProducer.java:97)
	at org.eclipse.lsp4j.jsonrpc.json.ConcurrentMessageProcessor.run(ConcurrentMessageProcessor.java:114)
	at java.base/java.util.concurrent.Executors$RunnableAdapter.call(Executors.java:539)
	at java.base/java.util.concurrent.FutureTask.run(FutureTask.java:264)
	at java.base/java.util.concurrent.ThreadPoolExecutor.runWorker(ThreadPoolExecutor.java:1136)
	at java.base/java.util.concurrent.ThreadPoolExecutor$Worker.run(ThreadPoolExecutor.java:635)
	at java.base/java.lang.Thread.run(Thread.java:840)

2026.03.02 00:28:49 WARN  no build target for: C:\Users\Usuario\Documents\GitHub\Proyecto-Lectura2\src\main\java\com\example\LecturaSana\controller\CarritoController.java
2026.03.02 00:28:49 INFO  no build target found for C:\Users\Usuario\Documents\GitHub\Proyecto-Lectura2\src\main\java\com\example\LecturaSana\controller\CarritoController.java. Using fallback presentation compiler.
2026.03.02 00:28:49 INFO  no build target found for C:\Users\Usuario\Documents\GitHub\Proyecto-Lectura2\src\main\java\com\example\LecturaSana\controller\CarritoController.java. Using fallback presentation compiler.
2026.03.02 00:28:57 INFO  no build target found for C:\Users\Usuario\Documents\GitHub\Proyecto-Lectura2\src\main\java\com\example\LecturaSana\controller\CarritoController.java. Using fallback presentation compiler.
2026.03.02 00:28:57 WARN  no build target for: C:\Users\Usuario\Documents\GitHub\Proyecto-Lectura2\src\main\java\com\example\LecturaSana\controller\PayPalController.java
2026.03.02 00:28:57 INFO  no build target found for C:\Users\Usuario\Documents\GitHub\Proyecto-Lectura2\src\main\java\com\example\LecturaSana\controller\PayPalController.java. Using fallback presentation compiler.
2026.03.02 00:28:57 INFO  no build target found for C:\Users\Usuario\Documents\GitHub\Proyecto-Lectura2\src\main\java\com\example\LecturaSana\controller\PayPalController.java. Using fallback presentation compiler.
2026.03.02 00:28:57 INFO  no build target found for C:\Users\Usuario\Documents\GitHub\Proyecto-Lectura2\src\main\java\com\example\LecturaSana\controller\PayPalController.java. Using fallback presentation compiler.
2026.03.02 00:28:58 INFO  no build target found for C:\Users\Usuario\Documents\GitHub\Proyecto-Lectura2\src\main\java\com\example\LecturaSana\controller\PayPalController.java. Using fallback presentation compiler.
2026.03.02 00:28:58 WARN  no build target for: C:\Users\Usuario\Documents\GitHub\Proyecto-Lectura2\src\main\java\com\example\LecturaSana\controller\CarritoController.java
2026.03.02 00:29:00 INFO  no build target found for C:\Users\Usuario\Documents\GitHub\Proyecto-Lectura2\src\main\java\com\example\LecturaSana\controller\PayPalController.java. Using fallback presentation compiler.
2026.03.02 00:29:03 WARN  no build target for: C:\Users\Usuario\Documents\GitHub\Proyecto-Lectura2\src\main\java\com\example\LecturaSana\controller\CarritoController.java
2026.03.02 00:29:03 INFO  no build target found for C:\Users\Usuario\Documents\GitHub\Proyecto-Lectura2\src\main\java\com\example\LecturaSana\controller\CarritoController.java. Using fallback presentation compiler.
2026.03.02 00:29:04 INFO  no build target found for C:\Users\Usuario\Documents\GitHub\Proyecto-Lectura2\src\main\java\com\example\LecturaSana\controller\CarritoController.java. Using fallback presentation compiler.
2026.03.02 00:29:05 INFO  no build target found for C:\Users\Usuario\Documents\GitHub\Proyecto-Lectura2\src\main\java\com\example\LecturaSana\controller\CarritoController.java. Using fallback presentation compiler.
2026.03.02 00:29:08 INFO  no build target found for C:\Users\Usuario\Documents\GitHub\Proyecto-Lectura2\src\main\java\com\example\LecturaSana\controller\CarritoController.java. Using fallback presentation compiler.
2026.03.02 00:29:08 INFO  no build target found for C:\Users\Usuario\Documents\GitHub\Proyecto-Lectura2\src\main\java\com\example\LecturaSana\controller\CarritoController.java. Using fallback presentation compiler.
mar. 02, 2026 12:29:09 A. M. org.eclipse.lsp4j.jsonrpc.RemoteEndpoint handleCancellation
ADVERTENCIA: Unmatched cancel notification for request id 385
2026.03.02 00:29:09 INFO  no build target found for C:\Users\Usuario\Documents\GitHub\Proyecto-Lectura2\src\main\java\com\example\LecturaSana\controller\CarritoController.java. Using fallback presentation compiler.
2026.03.02 00:29:09 INFO  no build target found for C:\Users\Usuario\Documents\GitHub\Proyecto-Lectura2\src\main\java\com\example\LecturaSana\controller\CarritoController.java. Using fallback presentation compiler.
2026.03.02 00:29:10 INFO  no build target found for C:\Users\Usuario\Documents\GitHub\Proyecto-Lectura2\src\main\java\com\example\LecturaSana\controller\CarritoController.java. Using fallback presentation compiler.
2026.03.02 00:29:10 INFO  no build target found for C:\Users\Usuario\Documents\GitHub\Proyecto-Lectura2\src\main\java\com\example\LecturaSana\controller\CarritoController.java. Using fallback presentation compiler.
2026.03.02 00:29:10 INFO  no build target found for C:\Users\Usuario\Documents\GitHub\Proyecto-Lectura2\src\main\java\com\example\LecturaSana\controller\CarritoController.java. Using fallback presentation compiler.
